[debug] [2026-04-07T17:37:08.735Z] ----------------------------------------------------------------------
[debug] [2026-04-07T17:37:08.744Z] Command:       C:\Program Files\nodejs\node.exe C:\Users\hp\AppData\Local\npm-cache\_npx\ba4f1959e38407b5\node_modules\firebase-tools\lib\bin\firebase.js emulators:start --project digital-parking-f9d2c --only functions
[debug] [2026-04-07T17:37:08.745Z] CLI Version:   15.13.0
[debug] [2026-04-07T17:37:08.746Z] Platform:      win32
[debug] [2026-04-07T17:37:08.747Z] Node Version:  v22.15.0
[debug] [2026-04-07T17:37:08.748Z] Time:          Tue Apr 07 2026 20:37:08 GMT+0300 (East Africa Time)
[debug] [2026-04-07T17:37:08.749Z] ----------------------------------------------------------------------
[debug] 
[debug] [2026-04-07T17:37:15.224Z] > command requires scopes: ["email","openid","https://www.googleapis.com/auth/cloudplatformprojects.readonly","https://www.googleapis.com/auth/firebase","https://www.googleapis.com/auth/cloud-platform"]
[debug] [2026-04-07T17:37:15.226Z] > authorizing via signed-in user (l21337613@gmail.com)
[info] i  emulators: Starting emulators: functions {"metadata":{"emulator":{"name":"hub"},"message":"Starting emulators: functions"}}
[debug] [2026-04-07T17:37:15.270Z] [logging] Logging Emulator only supports listening on one address (127.0.0.1). Not listening on ::1
[debug] [2026-04-07T17:37:15.271Z] assigned listening specs for emulators {"user":{"hub":[{"address":"127.0.0.1","family":"IPv4","port":4400},{"address":"::1","family":"IPv6","port":4400}],"ui":[{"address":"127.0.0.1","family":"IPv4","port":4000},{"address":"::1","family":"IPv6","port":4000}],"logging":[{"address":"127.0.0.1","family":"IPv4","port":4500}]},"metadata":{"message":"assigned listening specs for emulators"}}
[debug] [2026-04-07T17:37:15.280Z] Write emulator hub locator at C:\Users\hp\AppData\Local\Temp\hub-digital-parking-f9d2c.json
[debug] [2026-04-07T17:37:15.320Z] [functions] Functions Emulator only supports listening on one address (127.0.0.1). Not listening on ::1
[debug] [2026-04-07T17:37:15.320Z] [eventarc] Eventarc Emulator only supports listening on one address (127.0.0.1). Not listening on ::1
[debug] [2026-04-07T17:37:15.320Z] [tasks] Cloud Tasks Emulator only supports listening on one address (127.0.0.1). Not listening on ::1
[debug] [2026-04-07T17:37:15.321Z] late-assigned ports for functions and eventarc emulators {"user":{"hub":[{"address":"127.0.0.1","family":"IPv4","port":4400},{"address":"::1","family":"IPv6","port":4400}],"ui":[{"address":"127.0.0.1","family":"IPv4","port":4000},{"address":"::1","family":"IPv6","port":4000}],"logging":[{"address":"127.0.0.1","family":"IPv4","port":4500}],"functions":[{"address":"127.0.0.1","family":"IPv4","port":5001}],"eventarc":[{"address":"127.0.0.1","family":"IPv4","port":9299}],"tasks":[{"address":"127.0.0.1","family":"IPv4","port":9499}]},"metadata":{"message":"late-assigned ports for functions and eventarc emulators"}}
[warn] !  functions: The following emulators are not running, calls to these services from the Functions emulator will affect production: apphosting, auth, firestore, database, hosting, pubsub, storage, dataconnect {"metadata":{"emulator":{"name":"functions"},"message":"The following emulators are not running, calls to these services from the Functions emulator will affect production: \u001b[1mapphosting, auth, firestore, database, hosting, pubsub, storage, dataconnect\u001b[22m"}}
[debug] [2026-04-07T17:37:15.371Z] defaultcredentials: writing to file C:\Users\hp\AppData\Roaming\firebase\l21337613_gmail_com_application_default_credentials.json
[debug] [2026-04-07T17:37:15.378Z] Setting GAC to C:\Users\hp\AppData\Roaming\firebase\l21337613_gmail_com_application_default_credentials.json {"metadata":{"emulator":{"name":"functions"},"message":"Setting GAC to C:\\Users\\hp\\AppData\\Roaming\\firebase\\l21337613_gmail_com_application_default_credentials.json"}}
[debug] [2026-04-07T17:37:15.380Z] Checked if tokens are valid: true, expires at: 1775585412438
[debug] [2026-04-07T17:37:15.381Z] Checked if tokens are valid: true, expires at: 1775585412438
[debug] [2026-04-07T17:37:15.384Z] >>> [apiv2][query] GET https://firebase.googleapis.com/v1beta1/projects/digital-parking-f9d2c/adminSdkConfig [none]
[debug] [2026-04-07T17:37:16.694Z] <<< [apiv2][status] GET https://firebase.googleapis.com/v1beta1/projects/digital-parking-f9d2c/adminSdkConfig 200
[debug] [2026-04-07T17:37:16.694Z] <<< [apiv2][body] GET https://firebase.googleapis.com/v1beta1/projects/digital-parking-f9d2c/adminSdkConfig {"projectId":"digital-parking-f9d2c","storageBucket":"digital-parking-f9d2c.firebasestorage.app"}
[info] i  ui: downloading ui-v1.15.0.zip... {"metadata":{"emulator":{"name":"ui"},"message":"downloading ui-v1.15.0.zip..."}}
[debug] [2026-04-07T17:37:16.740Z] >>> [apiv2][query] GET https://storage.googleapis.com/firebase-preview-drop/emulator/ui-v1.15.0.zip 
[debug] [2026-04-07T17:37:17.368Z] <<< [apiv2][status] GET https://storage.googleapis.com/firebase-preview-drop/emulator/ui-v1.15.0.zip 200
[debug] [2026-04-07T17:37:17.368Z] <<< [apiv2][body] GET https://storage.googleapis.com/firebase-preview-drop/emulator/ui-v1.15.0.zip [stream]
[debug] [2026-04-07T17:37:21.016Z] Data is 3538469
[debug] [2026-04-07T17:37:21.016Z] [unzip] Entry: client/ (compressed_size=0 bytes, uncompressed_size=0 bytes)
[debug] [2026-04-07T17:37:21.016Z] [unzip] Processing entry: client\
[debug] [2026-04-07T17:37:21.016Z] [unzip] mkdir: C:\Users\hp\.cache\firebase\emulators\ui-v1.15.0\client\
[debug] [2026-04-07T17:37:21.019Z] [unzip] Entry: client/favicon-16x16.png (compressed_size=293 bytes, uncompressed_size=293 bytes)
[debug] [2026-04-07T17:37:21.019Z] [unzip] Processing entry: client\favicon-16x16.png
[debug] [2026-04-07T17:37:21.019Z] [unzip] else mkdir: C:\Users\hp\.cache\firebase\emulators\ui-v1.15.0\client
[debug] [2026-04-07T17:37:21.020Z] [unzip] Writing file: C:\Users\hp\.cache\firebase\emulators\ui-v1.15.0\client\favicon-16x16.png
[debug] [2026-04-07T17:37:21.022Z] [unzip] Entry: client/safari-pinned-tab.svg (compressed_size=1433 bytes, uncompressed_size=2611 bytes)
[debug] [2026-04-07T17:37:21.022Z] [unzip] Processing entry: client\safari-pinned-tab.svg
[debug] [2026-04-07T17:37:21.022Z] [unzip] else mkdir: C:\Users\hp\.cache\firebase\emulators\ui-v1.15.0\client
[debug] [2026-04-07T17:37:21.023Z] [unzip] deflating: C:\Users\hp\.cache\firebase\emulators\ui-v1.15.0\client\safari-pinned-tab.svg
[debug] [2026-04-07T17:37:21.029Z] [unzip] Entry: client/favicon.ico (compressed_size=2933 bytes, uncompressed_size=13294 bytes)
[debug] [2026-04-07T17:37:21.030Z] [unzip] Processing entry: client\favicon.ico
[debug] [2026-04-07T17:37:21.030Z] [unzip] else mkdir: C:\Users\hp\.cache\firebase\emulators\ui-v1.15.0\client
[debug] [2026-04-07T17:37:21.030Z] [unzip] deflating: C:\Users\hp\.cache\firebase\emulators\ui-v1.15.0\client\favicon.ico
[debug] [2026-04-07T17:37:21.033Z] [unzip] Entry: client/index.html (compressed_size=1364 bytes, uncompressed_size=3071 bytes)
[debug] [2026-04-07T17:37:21.034Z] [unzip] Processing entry: client\index.html
[debug] [2026-04-07T17:37:21.034Z] [unzip] else mkdir: C:\Users\hp\.cache\firebase\emulators\ui-v1.15.0\client
[debug] [2026-04-07T17:37:21.034Z] [unzip] deflating: C:\Users\hp\.cache\firebase\emulators\ui-v1.15.0\client\index.html
[debug] [2026-04-07T17:37:21.037Z] [unzip] Entry: client/android-chrome-192x192.png (compressed_size=2684 bytes, uncompressed_size=2684 bytes)
[debug] [2026-04-07T17:37:21.037Z] [unzip] Processing entry: client\android-chrome-192x192.png
[debug] [2026-04-07T17:37:21.037Z] [unzip] else mkdir: C:\Users\hp\.cache\firebase\emulators\ui-v1.15.0\client
[debug] [2026-04-07T17:37:21.038Z] [unzip] Writing file: C:\Users\hp\.cache\firebase\emulators\ui-v1.15.0\client\android-chrome-192x192.png
[debug] [2026-04-07T17:37:21.039Z] [unzip] Entry: client/apple-touch-icon.png (compressed_size=2123 bytes, uncompressed_size=2152 bytes)
[debug] [2026-04-07T17:37:21.039Z] [unzip] Processing entry: client\apple-touch-icon.png
[debug] [2026-04-07T17:37:21.039Z] [unzip] else mkdir: C:\Users\hp\.cache\firebase\emulators\ui-v1.15.0\client
[debug] [2026-04-07T17:37:21.040Z] [unzip] deflating: C:\Users\hp\.cache\firebase\emulators\ui-v1.15.0\client\apple-touch-icon.png
[debug] [2026-04-07T17:37:21.043Z] [unzip] Entry: client/android-chrome-512x512.png (compressed_size=5369 bytes, uncompressed_size=5411 bytes)
[debug] [2026-04-07T17:37:21.043Z] [unzip] Processing entry: client\android-chrome-512x512.png
[debug] [2026-04-07T17:37:21.043Z] [unzip] else mkdir: C:\Users\hp\.cache\firebase\emulators\ui-v1.15.0\client
[debug] [2026-04-07T17:37:21.043Z] [unzip] deflating: C:\Users\hp\.cache\firebase\emulators\ui-v1.15.0\client\android-chrome-512x512.png
[debug] [2026-04-07T17:37:21.045Z] [unzip] Entry: client/manifest.json (compressed_size=245 bytes, uncompressed_size=551 bytes)
[debug] [2026-04-07T17:37:21.046Z] [unzip] Processing entry: client\manifest.json
[debug] [2026-04-07T17:37:21.046Z] [unzip] else mkdir: C:\Users\hp\.cache\firebase\emulators\ui-v1.15.0\client
[debug] [2026-04-07T17:37:21.046Z] [unzip] deflating: C:\Users\hp\.cache\firebase\emulators\ui-v1.15.0\client\manifest.json
[debug] [2026-04-07T17:37:21.049Z] [unzip] Entry: client/robots.txt (compressed_size=26 bytes, uncompressed_size=26 bytes)
[debug] [2026-04-07T17:37:21.049Z] [unzip] Processing entry: client\robots.txt
[debug] [2026-04-07T17:37:21.049Z] [unzip] else mkdir: C:\Users\hp\.cache\firebase\emulators\ui-v1.15.0\client
[debug] [2026-04-07T17:37:21.050Z] [unzip] Writing file: C:\Users\hp\.cache\firebase\emulators\ui-v1.15.0\client\robots.txt
[debug] [2026-04-07T17:37:21.051Z] [unzip] Entry: client/mstile-150x150.png (compressed_size=2034 bytes, uncompressed_size=2034 bytes)
[debug] [2026-04-07T17:37:21.051Z] [unzip] Processing entry: client\mstile-150x150.png
[debug] [2026-04-07T17:37:21.052Z] [unzip] else mkdir: C:\Users\hp\.cache\firebase\emulators\ui-v1.15.0\client
[debug] [2026-04-07T17:37:21.052Z] [unzip] Writing file: C:\Users\hp\.cache\firebase\emulators\ui-v1.15.0\client\mstile-150x150.png
[debug] [2026-04-07T17:37:21.054Z] [unzip] Entry: client/assets/ (compressed_size=0 bytes, uncompressed_size=0 bytes)
[debug] [2026-04-07T17:37:21.054Z] [unzip] Processing entry: client\assets\
[debug] [2026-04-07T17:37:21.054Z] [unzip] mkdir: C:\Users\hp\.cache\firebase\emulators\ui-v1.15.0\client\assets\
[debug] [2026-04-07T17:37:21.055Z] [unzip] Entry: client/assets/index-BX-A56oj.js (compressed_size=582089 bytes, uncompressed_size=2092775 bytes)
[debug] [2026-04-07T17:37:21.055Z] [unzip] Processing entry: client\assets\index-BX-A56oj.js
[debug] [2026-04-07T17:37:21.055Z] [unzip] else mkdir: C:\Users\hp\.cache\firebase\emulators\ui-v1.15.0\client\assets
[debug] [2026-04-07T17:37:21.056Z] [unzip] deflating: C:\Users\hp\.cache\firebase\emulators\ui-v1.15.0\client\assets\index-BX-A56oj.js
[debug] [2026-04-07T17:37:21.088Z] [unzip] Entry: client/assets/index-CjB9C900.css (compressed_size=35979 bytes, uncompressed_size=298654 bytes)
[debug] [2026-04-07T17:37:21.088Z] [unzip] Processing entry: client\assets\index-CjB9C900.css
[debug] [2026-04-07T17:37:21.089Z] [unzip] else mkdir: C:\Users\hp\.cache\firebase\emulators\ui-v1.15.0\client\assets
[debug] [2026-04-07T17:37:21.089Z] [unzip] deflating: C:\Users\hp\.cache\firebase\emulators\ui-v1.15.0\client\assets\index-CjB9C900.css
[debug] [2026-04-07T17:37:21.097Z] [unzip] Entry: client/assets/index-BX-A56oj.js.map (compressed_size=2362482 bytes, uncompressed_size=10036679 bytes)
[debug] [2026-04-07T17:37:21.097Z] [unzip] Processing entry: client\assets\index-BX-A56oj.js.map
[debug] [2026-04-07T17:37:21.097Z] [unzip] else mkdir: C:\Users\hp\.cache\firebase\emulators\ui-v1.15.0\client\assets
[debug] [2026-04-07T17:37:21.098Z] [unzip] deflating: C:\Users\hp\.cache\firebase\emulators\ui-v1.15.0\client\assets\index-BX-A56oj.js.map
[debug] [2026-04-07T17:37:21.256Z] [unzip] Entry: client/assets/extensions/ (compressed_size=0 bytes, uncompressed_size=0 bytes)
[debug] [2026-04-07T17:37:21.257Z] [unzip] Processing entry: client\assets\extensions\
[debug] [2026-04-07T17:37:21.257Z] [unzip] mkdir: C:\Users\hp\.cache\firebase\emulators\ui-v1.15.0\client\assets\extensions\
[debug] [2026-04-07T17:37:21.258Z] [unzip] Entry: client/assets/extensions/default-extension.png (compressed_size=1646 bytes, uncompressed_size=1657 bytes)
[debug] [2026-04-07T17:37:21.258Z] [unzip] Processing entry: client\assets\extensions\default-extension.png
[debug] [2026-04-07T17:37:21.258Z] [unzip] else mkdir: C:\Users\hp\.cache\firebase\emulators\ui-v1.15.0\client\assets\extensions
[debug] [2026-04-07T17:37:21.259Z] [unzip] deflating: C:\Users\hp\.cache\firebase\emulators\ui-v1.15.0\client\assets\extensions\default-extension.png
[debug] [2026-04-07T17:37:21.262Z] [unzip] Entry: client/assets/img/ (compressed_size=0 bytes, uncompressed_size=0 bytes)
[debug] [2026-04-07T17:37:21.262Z] [unzip] Processing entry: client\assets\img\
[debug] [2026-04-07T17:37:21.262Z] [unzip] mkdir: C:\Users\hp\.cache\firebase\emulators\ui-v1.15.0\client\assets\img\
[debug] [2026-04-07T17:37:21.263Z] [unzip] Entry: client/assets/img/database.png (compressed_size=29449 bytes, uncompressed_size=29988 bytes)
[debug] [2026-04-07T17:37:21.264Z] [unzip] Processing entry: client\assets\img\database.png
[debug] [2026-04-07T17:37:21.264Z] [unzip] else mkdir: C:\Users\hp\.cache\firebase\emulators\ui-v1.15.0\client\assets\img
[debug] [2026-04-07T17:37:21.264Z] [unzip] deflating: C:\Users\hp\.cache\firebase\emulators\ui-v1.15.0\client\assets\img\database.png
[debug] [2026-04-07T17:37:21.267Z] [unzip] Entry: client/assets/provider-icons/ (compressed_size=0 bytes, uncompressed_size=0 bytes)
[debug] [2026-04-07T17:37:21.267Z] [unzip] Processing entry: client\assets\provider-icons\
[debug] [2026-04-07T17:37:21.267Z] [unzip] mkdir: C:\Users\hp\.cache\firebase\emulators\ui-v1.15.0\client\assets\provider-icons\
[debug] [2026-04-07T17:37:21.268Z] [unzip] Entry: client/assets/provider-icons/auth_service_saml.svg (compressed_size=575 bytes, uncompressed_size=1226 bytes)
[debug] [2026-04-07T17:37:21.269Z] [unzip] Processing entry: client\assets\provider-icons\auth_service_saml.svg
[debug] [2026-04-07T17:37:21.269Z] [unzip] else mkdir: C:\Users\hp\.cache\firebase\emulators\ui-v1.15.0\client\assets\provider-icons
[debug] [2026-04-07T17:37:21.269Z] [unzip] deflating: C:\Users\hp\.cache\firebase\emulators\ui-v1.15.0\client\assets\provider-icons\auth_service_saml.svg
[debug] [2026-04-07T17:37:21.272Z] [unzip] Entry: client/assets/provider-icons/auth_service_phone.svg (compressed_size=261 bytes, uncompressed_size=414 bytes)
[debug] [2026-04-07T17:37:21.272Z] [unzip] Processing entry: client\assets\provider-icons\auth_service_phone.svg
[debug] [2026-04-07T17:37:21.272Z] [unzip] else mkdir: C:\Users\hp\.cache\firebase\emulators\ui-v1.15.0\client\assets\provider-icons
[debug] [2026-04-07T17:37:21.273Z] [unzip] deflating: C:\Users\hp\.cache\firebase\emulators\ui-v1.15.0\client\assets\provider-icons\auth_service_phone.svg
[debug] [2026-04-07T17:37:21.275Z] [unzip] Entry: client/assets/provider-icons/auth_service_facebook.svg (compressed_size=289 bytes, uncompressed_size=457 bytes)
[debug] [2026-04-07T17:37:21.275Z] [unzip] Processing entry: client\assets\provider-icons\auth_service_facebook.svg
[debug] [2026-04-07T17:37:21.275Z] [unzip] else mkdir: C:\Users\hp\.cache\firebase\emulators\ui-v1.15.0\client\assets\provider-icons
[debug] [2026-04-07T17:37:21.276Z] [unzip] deflating: C:\Users\hp\.cache\firebase\emulators\ui-v1.15.0\client\assets\provider-icons\auth_service_facebook.svg
[debug] [2026-04-07T17:37:21.278Z] [unzip] Entry: client/assets/provider-icons/auth_service_game_center.svg (compressed_size=991 bytes, uncompressed_size=3921 bytes)
[debug] [2026-04-07T17:37:21.279Z] [unzip] Processing entry: client\assets\provider-icons\auth_service_game_center.svg
[debug] [2026-04-07T17:37:21.279Z] [unzip] else mkdir: C:\Users\hp\.cache\firebase\emulators\ui-v1.15.0\client\assets\provider-icons
[debug] [2026-04-07T17:37:21.280Z] [unzip] deflating: C:\Users\hp\.cache\firebase\emulators\ui-v1.15.0\client\assets\provider-icons\auth_service_game_center.svg
[debug] [2026-04-07T17:37:21.282Z] [unzip] Entry: client/assets/provider-icons/auth_service_apple.svg (compressed_size=230 bytes, uncompressed_size=334 bytes)
[debug] [2026-04-07T17:37:21.282Z] [unzip] Processing entry: client\assets\provider-icons\auth_service_apple.svg
[debug] [2026-04-07T17:37:21.282Z] [unzip] else mkdir: C:\Users\hp\.cache\firebase\emulators\ui-v1.15.0\client\assets\provider-icons
[debug] [2026-04-07T17:37:21.283Z] [unzip] deflating: C:\Users\hp\.cache\firebase\emulators\ui-v1.15.0\client\assets\provider-icons\auth_service_apple.svg
[debug] [2026-04-07T17:37:21.285Z] [unzip] Entry: client/assets/provider-icons/auth_service_github.svg (compressed_size=466 bytes, uncompressed_size=838 bytes)
[debug] [2026-04-07T17:37:21.285Z] [unzip] Processing entry: client\assets\provider-icons\auth_service_github.svg
[debug] [2026-04-07T17:37:21.285Z] [unzip] else mkdir: C:\Users\hp\.cache\firebase\emulators\ui-v1.15.0\client\assets\provider-icons
[debug] [2026-04-07T17:37:21.286Z] [unzip] deflating: C:\Users\hp\.cache\firebase\emulators\ui-v1.15.0\client\assets\provider-icons\auth_service_github.svg
[debug] [2026-04-07T17:37:21.288Z] [unzip] Entry: client/assets/provider-icons/auth_service_mslive.svg (compressed_size=203 bytes, uncompressed_size=378 bytes)
[debug] [2026-04-07T17:37:21.289Z] [unzip] Processing entry: client\assets\provider-icons\auth_service_mslive.svg
[debug] [2026-04-07T17:37:21.289Z] [unzip] else mkdir: C:\Users\hp\.cache\firebase\emulators\ui-v1.15.0\client\assets\provider-icons
[debug] [2026-04-07T17:37:21.289Z] [unzip] deflating: C:\Users\hp\.cache\firebase\emulators\ui-v1.15.0\client\assets\provider-icons\auth_service_mslive.svg
[debug] [2026-04-07T17:37:21.292Z] [unzip] Entry: client/assets/provider-icons/auth_service_yahoo.svg (compressed_size=577 bytes, uncompressed_size=1182 bytes)
[debug] [2026-04-07T17:37:21.292Z] [unzip] Processing entry: client\assets\provider-icons\auth_service_yahoo.svg
[debug] [2026-04-07T17:37:21.292Z] [unzip] else mkdir: C:\Users\hp\.cache\firebase\emulators\ui-v1.15.0\client\assets\provider-icons
[debug] [2026-04-07T17:37:21.293Z] [unzip] deflating: C:\Users\hp\.cache\firebase\emulators\ui-v1.15.0\client\assets\provider-icons\auth_service_yahoo.svg
[debug] [2026-04-07T17:37:21.295Z] [unzip] Entry: client/assets/provider-icons/auth_service_twitter.svg (compressed_size=444 bytes, uncompressed_size=751 bytes)
[debug] [2026-04-07T17:37:21.295Z] [unzip] Processing entry: client\assets\provider-icons\auth_service_twitter.svg
[debug] [2026-04-07T17:37:21.295Z] [unzip] else mkdir: C:\Users\hp\.cache\firebase\emulators\ui-v1.15.0\client\assets\provider-icons
[debug] [2026-04-07T17:37:21.296Z] [unzip] deflating: C:\Users\hp\.cache\firebase\emulators\ui-v1.15.0\client\assets\provider-icons\auth_service_twitter.svg
[debug] [2026-04-07T17:37:21.298Z] [unzip] Entry: client/assets/provider-icons/auth_service_play_games.svg (compressed_size=565 bytes, uncompressed_size=1173 bytes)
[debug] [2026-04-07T17:37:21.298Z] [unzip] Processing entry: client\assets\provider-icons\auth_service_play_games.svg
[debug] [2026-04-07T17:37:21.298Z] [unzip] else mkdir: C:\Users\hp\.cache\firebase\emulators\ui-v1.15.0\client\assets\provider-icons
[debug] [2026-04-07T17:37:21.299Z] [unzip] deflating: C:\Users\hp\.cache\firebase\emulators\ui-v1.15.0\client\assets\provider-icons\auth_service_play_games.svg
[debug] [2026-04-07T17:37:21.301Z] [unzip] Entry: client/assets/provider-icons/auth_service_email.svg (compressed_size=228 bytes, uncompressed_size=326 bytes)
[debug] [2026-04-07T17:37:21.302Z] [unzip] Processing entry: client\assets\provider-icons\auth_service_email.svg
[debug] [2026-04-07T17:37:21.302Z] [unzip] else mkdir: C:\Users\hp\.cache\firebase\emulators\ui-v1.15.0\client\assets\provider-icons
[debug] [2026-04-07T17:37:21.302Z] [unzip] deflating: C:\Users\hp\.cache\firebase\emulators\ui-v1.15.0\client\assets\provider-icons\auth_service_email.svg
[debug] [2026-04-07T17:37:21.304Z] [unzip] Entry: client/assets/provider-icons/auth_service_google.svg (compressed_size=409 bytes, uncompressed_size=720 bytes)
[debug] [2026-04-07T17:37:21.305Z] [unzip] Processing entry: client\assets\provider-icons\auth_service_google.svg
[debug] [2026-04-07T17:37:21.305Z] [unzip] else mkdir: C:\Users\hp\.cache\firebase\emulators\ui-v1.15.0\client\assets\provider-icons
[debug] [2026-04-07T17:37:21.305Z] [unzip] deflating: C:\Users\hp\.cache\firebase\emulators\ui-v1.15.0\client\assets\provider-icons\auth_service_google.svg
[debug] [2026-04-07T17:37:21.308Z] [unzip] Entry: client/assets/provider-icons/auth_service_oidc.svg (compressed_size=414 bytes, uncompressed_size=858 bytes)
[debug] [2026-04-07T17:37:21.308Z] [unzip] Processing entry: client\assets\provider-icons\auth_service_oidc.svg
[debug] [2026-04-07T17:37:21.308Z] [unzip] else mkdir: C:\Users\hp\.cache\firebase\emulators\ui-v1.15.0\client\assets\provider-icons
[debug] [2026-04-07T17:37:21.309Z] [unzip] deflating: C:\Users\hp\.cache\firebase\emulators\ui-v1.15.0\client\assets\provider-icons\auth_service_oidc.svg
[debug] [2026-04-07T17:37:21.311Z] [unzip] Entry: client/browserconfig.xml (compressed_size=491 bytes, uncompressed_size=822 bytes)
[debug] [2026-04-07T17:37:21.311Z] [unzip] Processing entry: client\browserconfig.xml
[debug] [2026-04-07T17:37:21.311Z] [unzip] else mkdir: C:\Users\hp\.cache\firebase\emulators\ui-v1.15.0\client
[debug] [2026-04-07T17:37:21.312Z] [unzip] deflating: C:\Users\hp\.cache\firebase\emulators\ui-v1.15.0\client\browserconfig.xml
[debug] [2026-04-07T17:37:21.315Z] [unzip] Entry: client/favicon-32x32.png (compressed_size=475 bytes, uncompressed_size=475 bytes)
[debug] [2026-04-07T17:37:21.315Z] [unzip] Processing entry: client\favicon-32x32.png
[debug] [2026-04-07T17:37:21.315Z] [unzip] else mkdir: C:\Users\hp\.cache\firebase\emulators\ui-v1.15.0\client
[debug] [2026-04-07T17:37:21.316Z] [unzip] Writing file: C:\Users\hp\.cache\firebase\emulators\ui-v1.15.0\client\favicon-32x32.png
[debug] [2026-04-07T17:37:21.318Z] [unzip] Entry: server/ (compressed_size=0 bytes, uncompressed_size=0 bytes)
[debug] [2026-04-07T17:37:21.318Z] [unzip] Processing entry: server\
[debug] [2026-04-07T17:37:21.318Z] [unzip] mkdir: C:\Users\hp\.cache\firebase\emulators\ui-v1.15.0\server\
[debug] [2026-04-07T17:37:21.319Z] [unzip] Entry: server/server.mjs.map (compressed_size=217845 bytes, uncompressed_size=944978 bytes)
[debug] [2026-04-07T17:37:21.319Z] [unzip] Processing entry: server\server.mjs.map
[debug] [2026-04-07T17:37:21.319Z] [unzip] else mkdir: C:\Users\hp\.cache\firebase\emulators\ui-v1.15.0\server
[debug] [2026-04-07T17:37:21.320Z] [unzip] deflating: C:\Users\hp\.cache\firebase\emulators\ui-v1.15.0\server\server.mjs.map
[debug] [2026-04-07T17:37:21.337Z] [unzip] Entry: server/server.mjs (compressed_size=276407 bytes, uncompressed_size=933701 bytes)
[debug] [2026-04-07T17:37:21.338Z] [unzip] Processing entry: server\server.mjs
[debug] [2026-04-07T17:37:21.338Z] [unzip] else mkdir: C:\Users\hp\.cache\firebase\emulators\ui-v1.15.0\server
[debug] [2026-04-07T17:37:21.338Z] [unzip] deflating: C:\Users\hp\.cache\firebase\emulators\ui-v1.15.0\server\server.mjs
[info] i  functions: Watching "C:\Users\hp\smart-car-parking-managiment-system\smart-car-parking-managiment-system\Web App\functions" for Cloud Functions... {"metadata":{"emulator":{"name":"functions"},"message":"Watching \"C:\\Users\\hp\\smart-car-parking-managiment-system\\smart-car-parking-managiment-system\\Web App\\functions\" for Cloud Functions..."}}
[debug] [2026-04-07T17:37:21.365Z] Validating nodejs source
[warn] !  functions: package.json indicates an outdated version of firebase-functions. Please upgrade using npm install --save firebase-functions@latest in your functions directory. 
[warn] !  functions: Please note that there will be breaking changes when you upgrade. 
[debug] [2026-04-07T17:37:24.014Z] > [functions] package.json contents: {
  "name": "enderase-functions",
  "private": true,
  "main": "index.js",
  "engines": {
    "node": "20"
  },
  "scripts": {
    "lint": "echo \"No lint configured\"",
    "serve": "firebase emulators:start --only functions",
    "deploy": "firebase deploy --only functions"
  },
  "dependencies": {
    "firebase-admin": "^13.5.0",
    "firebase-functions": "^6.0.1"
  }
}
[debug] [2026-04-07T17:37:24.014Z] Building nodejs source
[debug] [2026-04-07T17:37:24.015Z] Failed to find version of module node: reached end of search path C:\Users\hp\smart-car-parking-managiment-system\smart-car-parking-managiment-system\Web App\functions\node_modules
[warn] !  functions: Your requested "node" version "20" doesn't match your global version "22". Using node@22 from host. 
[debug] [2026-04-07T17:37:24.020Z] Could not find functions.yaml. Must use http discovery
[debug] [2026-04-07T17:37:24.036Z] Found firebase-functions binary at 'C:\Users\hp\smart-car-parking-managiment-system\smart-car-parking-managiment-system\Web App\functions\node_modules\.bin\firebase-functions'
[info] Serving at port 8225

[debug] [2026-04-07T17:37:26.375Z] Got response from /__/functions.yaml {"endpoints":{"createBooking":{"availableMemoryMb":null,"timeoutSeconds":null,"minInstances":null,"maxInstances":null,"ingressSettings":null,"concurrency":null,"serviceAccountEmail":null,"vpc":null,"platform":"gcfv2","region":["us-central1"],"labels":{},"callableTrigger":{},"entryPoint":"createBooking"},"expireBookings":{"availableMemoryMb":null,"timeoutSeconds":null,"minInstances":null,"maxInstances":null,"ingressSettings":null,"concurrency":null,"serviceAccountEmail":null,"vpc":null,"platform":"gcfv2","region":["us-central1"],"labels":{},"scheduleTrigger":{"schedule":"every 5 minutes","retryConfig":{},"timeZone":"Africa/Nairobi"},"entryPoint":"expireBookings"},"checkInVehicle":{"availableMemoryMb":null,"timeoutSeconds":null,"minInstances":null,"maxInstances":null,"ingressSettings":null,"concurrency":null,"serviceAccountEmail":null,"vpc":null,"platform":"gcfv2","region":["us-central1"],"labels":{},"callableTrigger":{},"entryPoint":"checkInVehicle"},"checkOutVehicle":{"availableMemoryMb":null,"timeoutSeconds":null,"minInstances":null,"maxInstances":null,"ingressSettings":null,"concurrency":null,"serviceAccountEmail":null,"vpc":null,"platform":"gcfv2","region":["us-central1"],"labels":{},"callableTrigger":{},"entryPoint":"checkOutVehicle"}},"specVersion":"v1alpha1","requiredAPIs":[{"api":"cloudscheduler.googleapis.com","reason":"Needed for scheduled functions."}],"extensions":{}}
[info] +  functions: Loaded functions definitions from source: createBooking, expireBookings, checkInVehicle, checkOutVehicle. {"metadata":{"emulator":{"name":"functions"},"message":"Loaded functions definitions from source: createBooking, expireBookings, checkInVehicle, checkOutVehicle."}}
[info] +  functions[us-central1-createBooking]: http function initialized (http://127.0.0.1:5001/digital-parking-f9d2c/us-central1/createBooking). {"metadata":{"emulator":{"name":"functions"},"message":"\u001b[1mhttp\u001b[22m function initialized (http://127.0.0.1:5001/digital-parking-f9d2c/us-central1/createBooking)."}}
[info] i  functions[us-central1-expireBookings]: function ignored because the pubsub emulator does not exist or is not running. {"metadata":{"emulator":{"name":"functions"},"message":"function ignored because the pubsub emulator does not exist or is not running."}}
[info] +  functions[us-central1-checkInVehicle]: http function initialized (http://127.0.0.1:5001/digital-parking-f9d2c/us-central1/checkInVehicle). {"metadata":{"emulator":{"name":"functions"},"message":"\u001b[1mhttp\u001b[22m function initialized (http://127.0.0.1:5001/digital-parking-f9d2c/us-central1/checkInVehicle)."}}
[info] +  functions[us-central1-checkOutVehicle]: http function initialized (http://127.0.0.1:5001/digital-parking-f9d2c/us-central1/checkOutVehicle). {"metadata":{"emulator":{"name":"functions"},"message":"\u001b[1mhttp\u001b[22m function initialized (http://127.0.0.1:5001/digital-parking-f9d2c/us-central1/checkOutVehicle)."}}
[debug] [2026-04-07T17:37:30.817Z] Could not find VSCode notification endpoint: FetchError: request to http://localhost:40001/vscode/notify failed, reason: . If you are not running the Firebase Data Connect VSCode extension, this is expected and not an issue.
[info] 
┌─────────────────────────────────────────────────────────────┐
│ ✔  All emulators ready! It is now safe to connect your app. │
│ i  View Emulator UI at http://127.0.0.1:4000/               │
└─────────────────────────────────────────────────────────────┘

┌───────────┬────────────────┬─────────────────────────────────┐
│ Emulator  │ Host:Port      │ View in Emulator UI             │
├───────────┼────────────────┼─────────────────────────────────┤
│ Functions │ 127.0.0.1:5001 │ http://127.0.0.1:4000/functions │
└───────────┴────────────────┴─────────────────────────────────┘
  Emulator Hub host: 127.0.0.1 port: 4400
  Other reserved ports: 4500

Issues? Report them at https://github.com/firebase/firebase-tools/issues and attach the *-debug.log files.
 
[debug] [2026-04-07T17:39:05.263Z] [work-queue] {"queuedWork":["/digital-parking-f9d2c/us-central1/createBooking-2026-04-07T17:39:05.263Z"],"queueLength":1,"runningWork":[],"workRunningCount":0}
[debug] [2026-04-07T17:39:05.265Z] [work-queue] {"queuedWork":[],"queueLength":0,"runningWork":["/digital-parking-f9d2c/us-central1/createBooking-2026-04-07T17:39:05.263Z"],"workRunningCount":1}
[debug] [2026-04-07T17:39:05.267Z] Accepted request OPTIONS /digital-parking-f9d2c/us-central1/createBooking --> us-central1-createBooking
[debug] [2026-04-07T17:39:05.268Z] [functions] Runtime ready! Sending request! {"metadata":{"emulator":{"name":"functions"},"message":"[functions] Runtime ready! Sending request!"}}
[debug] [2026-04-07T17:39:05.273Z] [functions] Got req.url=/digital-parking-f9d2c/us-central1/createBooking, mapping to path=/ {"metadata":{"emulator":{"name":"functions"},"message":"[functions] Got req.url=/digital-parking-f9d2c/us-central1/createBooking, mapping to path=/"}}
[debug] [2026-04-07T17:39:05.300Z] [worker-pool] addWorker(us-central1-createBooking) {"metadata":{"emulator":{"name":"functions"},"message":"[worker-pool] addWorker(us-central1-createBooking)"}}
[debug] [2026-04-07T17:39:05.301Z] [worker-pool] Adding worker with key us-central1-createBooking, total=1 {"metadata":{"emulator":{"name":"functions"},"message":"[worker-pool] Adding worker with key us-central1-createBooking, total=1"}}
[debug] [2026-04-07T17:39:09.120Z] [runtime-status] [6844] Resolved module firebase-admin {"declared":true,"installed":true,"version":"13.7.0","resolution":"C:\\Users\\hp\\smart-car-parking-managiment-system\\smart-car-parking-managiment-system\\Web App\\functions\\node_modules\\firebase-admin\\lib\\index.js"} {"metadata":{"emulator":{"name":"functions"},"function":{"name":"us-central1-createBooking"},"extension":{},"message":"[runtime-status] [6844] Resolved module firebase-admin {\"declared\":true,\"installed\":true,\"version\":\"13.7.0\",\"resolution\":\"C:\\\\Users\\\\hp\\\\smart-car-parking-managiment-system\\\\smart-car-parking-managiment-system\\\\Web App\\\\functions\\\\node_modules\\\\firebase-admin\\\\lib\\\\index.js\"}"}}
[debug] [2026-04-07T17:39:09.124Z] [runtime-status] [6844] Resolved module firebase-functions {"declared":true,"installed":true,"version":"6.6.0","resolution":"C:\\Users\\hp\\smart-car-parking-managiment-system\\smart-car-parking-managiment-system\\Web App\\functions\\node_modules\\firebase-functions\\lib\\v2\\index.js"} {"metadata":{"emulator":{"name":"functions"},"function":{"name":"us-central1-createBooking"},"extension":{},"message":"[runtime-status] [6844] Resolved module firebase-functions {\"declared\":true,\"installed\":true,\"version\":\"6.6.0\",\"resolution\":\"C:\\\\Users\\\\hp\\\\smart-car-parking-managiment-system\\\\smart-car-parking-managiment-system\\\\Web App\\\\functions\\\\node_modules\\\\firebase-functions\\\\lib\\\\v2\\\\index.js\"}"}}
[debug] [2026-04-07T17:39:09.125Z] [runtime-status] [6844] Outgoing network have been stubbed. [{"name":"http","status":"mocked"},{"name":"http","status":"mocked"},{"name":"https","status":"mocked"},{"name":"https","status":"mocked"},{"name":"net","status":"mocked"}] {"metadata":{"emulator":{"name":"functions"},"function":{"name":"us-central1-createBooking"},"extension":{},"message":"[runtime-status] [6844] Outgoing network have been stubbed. [{\"name\":\"http\",\"status\":\"mocked\"},{\"name\":\"http\",\"status\":\"mocked\"},{\"name\":\"https\",\"status\":\"mocked\"},{\"name\":\"https\",\"status\":\"mocked\"},{\"name\":\"net\",\"status\":\"mocked\"}]"}}
[debug] [2026-04-07T17:39:09.128Z] [runtime-status] [6844] Resolved module firebase-functions {"declared":true,"installed":true,"version":"6.6.0","resolution":"C:\\Users\\hp\\smart-car-parking-managiment-system\\smart-car-parking-managiment-system\\Web App\\functions\\node_modules\\firebase-functions\\lib\\v2\\index.js"} {"metadata":{"emulator":{"name":"functions"},"function":{"name":"us-central1-createBooking"},"extension":{},"message":"[runtime-status] [6844] Resolved module firebase-functions {\"declared\":true,\"installed\":true,\"version\":\"6.6.0\",\"resolution\":\"C:\\\\Users\\\\hp\\\\smart-car-parking-managiment-system\\\\smart-car-parking-managiment-system\\\\Web App\\\\functions\\\\node_modules\\\\firebase-functions\\\\lib\\\\v2\\\\index.js\"}"}}
[debug] [2026-04-07T17:39:10.043Z] [runtime-status] [6844] Resolved module firebase-admin {"declared":true,"installed":true,"version":"13.7.0","resolution":"C:\\Users\\hp\\smart-car-parking-managiment-system\\smart-car-parking-managiment-system\\Web App\\functions\\node_modules\\firebase-admin\\lib\\index.js"} {"metadata":{"emulator":{"name":"functions"},"function":{"name":"us-central1-createBooking"},"extension":{},"message":"[runtime-status] [6844] Resolved module firebase-admin {\"declared\":true,\"installed\":true,\"version\":\"13.7.0\",\"resolution\":\"C:\\\\Users\\\\hp\\\\smart-car-parking-managiment-system\\\\smart-car-parking-managiment-system\\\\Web App\\\\functions\\\\node_modules\\\\firebase-admin\\\\lib\\\\index.js\"}"}}
[debug] [2026-04-07T17:39:10.052Z] [runtime-status] [6844] Resolved module firebase-functions {"declared":true,"installed":true,"version":"6.6.0","resolution":"C:\\Users\\hp\\smart-car-parking-managiment-system\\smart-car-parking-managiment-system\\Web App\\functions\\node_modules\\firebase-functions\\lib\\v2\\index.js"} {"metadata":{"emulator":{"name":"functions"},"function":{"name":"us-central1-createBooking"},"extension":{},"message":"[runtime-status] [6844] Resolved module firebase-functions {\"declared\":true,\"installed\":true,\"version\":\"6.6.0\",\"resolution\":\"C:\\\\Users\\\\hp\\\\smart-car-parking-managiment-system\\\\smart-car-parking-managiment-system\\\\Web App\\\\functions\\\\node_modules\\\\firebase-functions\\\\lib\\\\v2\\\\index.js\"}"}}
[debug] [2026-04-07T17:39:10.664Z] [runtime-status] [6844] firebase-admin has been stubbed. {"adminResolution":{"declared":true,"installed":true,"version":"13.7.0","resolution":"C:\\Users\\hp\\smart-car-parking-managiment-system\\smart-car-parking-managiment-system\\Web App\\functions\\node_modules\\firebase-admin\\lib\\index.js"}} {"metadata":{"emulator":{"name":"functions"},"function":{"name":"us-central1-createBooking"},"extension":{},"message":"[runtime-status] [6844] firebase-admin has been stubbed. {\"adminResolution\":{\"declared\":true,\"installed\":true,\"version\":\"13.7.0\",\"resolution\":\"C:\\\\Users\\\\hp\\\\smart-car-parking-managiment-system\\\\smart-car-parking-managiment-system\\\\Web App\\\\functions\\\\node_modules\\\\firebase-admin\\\\lib\\\\index.js\"}}"}}
[debug] [2026-04-07T17:39:10.673Z] [runtime-status] [6844] initializeApp(DEFAULT) {"storageBucket":"digital-parking-f9d2c.firebasestorage.app","projectId":"digital-parking-f9d2c"} {"metadata":{"emulator":{"name":"functions"},"function":{"name":"us-central1-createBooking"},"extension":{},"message":"[runtime-status] [6844] initializeApp(DEFAULT) {\"storageBucket\":\"digital-parking-f9d2c.firebasestorage.app\",\"projectId\":\"digital-parking-f9d2c\"}"}}
[warn] !  functions: The Cloud Firestore emulator is not running, so calls to Firestore will affect production. {"metadata":{"emulator":{"name":"functions"},"function":{"name":"us-central1-createBooking"},"extension":{},"message":"The Cloud Firestore emulator is not running, so calls to Firestore will affect production."}}
[debug] [2026-04-07T17:39:10.707Z] [runtime-status] [6844] Functions runtime initialized. {"cwd":"C:\\Users\\hp\\smart-car-parking-managiment-system\\smart-car-parking-managiment-system\\Web App\\functions","node_version":"22.15.0"} {"metadata":{"emulator":{"name":"functions"},"function":{"name":"us-central1-createBooking"},"extension":{},"message":"[runtime-status] [6844] Functions runtime initialized. {\"cwd\":\"C:\\\\Users\\\\hp\\\\smart-car-parking-managiment-system\\\\smart-car-parking-managiment-system\\\\Web App\\\\functions\",\"node_version\":\"22.15.0\"}"}}
[debug] [2026-04-07T17:39:10.707Z] [runtime-status] [6844] Listening to port: \\?\pipe\fire_emu_bca5099ac1603f52 {"metadata":{"emulator":{"name":"functions"},"function":{"name":"us-central1-createBooking"},"extension":{},"message":"[runtime-status] [6844] Listening to port: \\\\?\\pipe\\fire_emu_bca5099ac1603f52"}}
[debug] [2026-04-07T17:39:10.782Z] [worker-us-central1-createBooking-e655a3be-39e2-417b-9fb5-e15363237ef8]: IDLE {"metadata":{"emulator":{"name":"functions"},"function":{"name":"us-central1-createBooking"},"extension":{},"message":"[worker-us-central1-createBooking-e655a3be-39e2-417b-9fb5-e15363237ef8]: IDLE"}}
[debug] [2026-04-07T17:39:10.783Z] [worker-pool] submitRequest(triggerId=us-central1-createBooking) {"metadata":{"emulator":{"name":"functions"},"message":"[worker-pool] submitRequest(triggerId=us-central1-createBooking)"}}
[info] i  functions: Beginning execution of "us-central1-createBooking" {"metadata":{"emulator":{"name":"functions"},"function":{"name":"us-central1-createBooking"},"extension":{},"message":"Beginning execution of \"us-central1-createBooking\""}}
[debug] [2026-04-07T17:39:10.785Z] [worker-us-central1-createBooking-e655a3be-39e2-417b-9fb5-e15363237ef8]: BUSY {"metadata":{"emulator":{"name":"functions"},"function":{"name":"us-central1-createBooking"},"extension":{},"message":"[worker-us-central1-createBooking-e655a3be-39e2-417b-9fb5-e15363237ef8]: BUSY"}}
[debug] [2026-04-07T17:39:10.799Z] Finishing up request with event=pause {"metadata":{"emulator":{"name":"functions"},"function":{"name":"us-central1-createBooking"},"extension":{},"message":"Finishing up request with event=pause"}}
[info] i  functions: Finished "us-central1-createBooking" in 15.3304ms {"metadata":{"emulator":{"name":"functions"},"function":{"name":"us-central1-createBooking"},"extension":{},"message":"Finished \"us-central1-createBooking\" in 15.3304ms"}}
[debug] [2026-04-07T17:39:10.801Z] [worker-us-central1-createBooking-e655a3be-39e2-417b-9fb5-e15363237ef8]: IDLE {"metadata":{"emulator":{"name":"functions"},"function":{"name":"us-central1-createBooking"},"extension":{},"message":"[worker-us-central1-createBooking-e655a3be-39e2-417b-9fb5-e15363237ef8]: IDLE"}}
[debug] [2026-04-07T17:39:10.802Z] Finishing up request with event=finish {"metadata":{"emulator":{"name":"functions"},"function":{"name":"us-central1-createBooking"},"extension":{},"message":"Finishing up request with event=finish"}}
[debug] [2026-04-07T17:39:10.803Z] Finishing up request with event=close {"metadata":{"emulator":{"name":"functions"},"function":{"name":"us-central1-createBooking"},"extension":{},"message":"Finishing up request with event=close"}}
[debug] [2026-04-07T17:39:10.803Z] [work-queue] {"queuedWork":[],"queueLength":0,"runningWork":[],"workRunningCount":0}
[debug] [2026-04-07T17:39:10.807Z] [work-queue] {"queuedWork":["/digital-parking-f9d2c/us-central1/createBooking-2026-04-07T17:39:10.807Z"],"queueLength":1,"runningWork":[],"workRunningCount":0}
[debug] [2026-04-07T17:39:10.808Z] [work-queue] {"queuedWork":[],"queueLength":0,"runningWork":["/digital-parking-f9d2c/us-central1/createBooking-2026-04-07T17:39:10.807Z"],"workRunningCount":1}
[debug] [2026-04-07T17:39:10.808Z] Accepted request POST /digital-parking-f9d2c/us-central1/createBooking --> us-central1-createBooking
[debug] [2026-04-07T17:39:10.808Z] [functions] Runtime ready! Sending request! {"metadata":{"emulator":{"name":"functions"},"message":"[functions] Runtime ready! Sending request!"}}
[debug] [2026-04-07T17:39:10.809Z] [functions] Got req.url=/digital-parking-f9d2c/us-central1/createBooking, mapping to path=/ {"metadata":{"emulator":{"name":"functions"},"message":"[functions] Got req.url=/digital-parking-f9d2c/us-central1/createBooking, mapping to path=/"}}
[debug] [2026-04-07T17:39:10.809Z] [worker-pool] submitRequest(triggerId=us-central1-createBooking) {"metadata":{"emulator":{"name":"functions"},"message":"[worker-pool] submitRequest(triggerId=us-central1-createBooking)"}}
[info] i  functions: Beginning execution of "us-central1-createBooking" {"metadata":{"emulator":{"name":"functions"},"function":{"name":"us-central1-createBooking"},"extension":{},"message":"Beginning execution of \"us-central1-createBooking\""}}
[debug] [2026-04-07T17:39:10.810Z] [worker-us-central1-createBooking-e655a3be-39e2-417b-9fb5-e15363237ef8]: BUSY {"metadata":{"emulator":{"name":"functions"},"function":{"name":"us-central1-createBooking"},"extension":{},"message":"[worker-us-central1-createBooking-e655a3be-39e2-417b-9fb5-e15363237ef8]: BUSY"}}
[info] >  {"verifications":{"app":"MISSING","auth":"VALID"},"logging.googleapis.com/labels":{"firebase-log-type":"callable-request-verification"},"severity":"DEBUG","message":"Callable request verification passed"} {"user":{"verifications":{"app":"MISSING","auth":"VALID"},"logging.googleapis.com/labels":{"firebase-log-type":"callable-request-verification"},"severity":"DEBUG","message":"Callable request verification passed"},"metadata":{"emulator":{"name":"functions"},"function":{"name":"us-central1-createBooking"},"extension":{},"message":"\u001b[90m> \u001b[39m {\"verifications\":{\"app\":\"MISSING\",\"auth\":\"VALID\"},\"logging.googleapis.com/labels\":{\"firebase-log-type\":\"callable-request-verification\"},\"severity\":\"DEBUG\",\"message\":\"Callable request verification passed\"}"}}
[warn] !  Google API requested!
   - URL: "https://oauth2.googleapis.com/token"
   - Be careful, this may be a production service. {"metadata":{"emulator":{"name":"functions"},"function":{"name":"us-central1-createBooking"},"extension":{},"message":"Google API requested!\n   - URL: \"https://oauth2.googleapis.com/token\"\n   - Be careful, this may be a production service."}}
[info] >  {"severity":"ERROR","message":"Unhandled error TypeError: Cannot read properties of undefined (reading 'fromMillis')\n    at timestampFromMs (C:\\Users\\hp\\smart-car-parking-managiment-system\\smart-car-parking-managiment-system\\Web App\\functions\\index.js:19:36)\n    at C:\\Users\\hp\\smart-car-parking-managiment-system\\smart-car-parking-managiment-system\\Web App\\functions\\index.js:111:19\n    at process.processTicksAndRejections (node:internal/process/task_queues:105:5)\n    at async Transaction.runTransactionOnce (C:\\Users\\hp\\smart-car-parking-managiment-system\\smart-car-parking-managiment-system\\Web App\\functions\\node_modules\\@google-cloud\\firestore\\build\\src\\transaction.js:440:28)\n    at async C:\\Users\\hp\\smart-car-parking-managiment-system\\smart-car-parking-managiment-system\\Web App\\functions\\node_modules\\@google-cloud\\firestore\\build\\src\\transaction.js:412:28\n    at async C:\\Users\\hp\\smart-car-parking-managiment-system\\smart-car-parking-managiment-system\\Web App\\functions\\index.js:96:3\n    at async C:\\Users\\hp\\smart-car-parking-managiment-system\\smart-car-parking-managiment-system\\Web App\\functions\\node_modules\\firebase-functions\\lib\\common\\providers\\https.js:545:26\n    at async runFunction (C:\\Users\\hp\\AppData\\Local\\npm-cache\\_npx\\ba4f1959e38407b5\\node_modules\\firebase-tools\\lib\\emulator\\functionsEmulatorRuntime.js:399:9)\n    at async runHTTPS (C:\\Users\\hp\\AppData\\Local\\npm-cache\\_npx\\ba4f1959e38407b5\\node_modules\\firebase-tools\\lib\\emulator\\functionsEmulatorRuntime.js:424:5)\n    at async C:\\Users\\hp\\AppData\\Local\\npm-cache\\_npx\\ba4f1959e38407b5\\node_modules\\firebase-tools\\lib\\emulator\\functionsEmulatorRuntime.js:585:21"} {"user":{"severity":"ERROR","message":"Unhandled error TypeError: Cannot read properties of undefined (reading 'fromMillis')\n    at timestampFromMs (C:\\Users\\hp\\smart-car-parking-managiment-system\\smart-car-parking-managiment-system\\Web App\\functions\\index.js:19:36)\n    at C:\\Users\\hp\\smart-car-parking-managiment-system\\smart-car-parking-managiment-system\\Web App\\functions\\index.js:111:19\n    at process.processTicksAndRejections (node:internal/process/task_queues:105:5)\n    at async Transaction.runTransactionOnce (C:\\Users\\hp\\smart-car-parking-managiment-system\\smart-car-parking-managiment-system\\Web App\\functions\\node_modules\\@google-cloud\\firestore\\build\\src\\transaction.js:440:28)\n    at async C:\\Users\\hp\\smart-car-parking-managiment-system\\smart-car-parking-managiment-system\\Web App\\functions\\node_modules\\@google-cloud\\firestore\\build\\src\\transaction.js:412:28\n    at async C:\\Users\\hp\\smart-car-parking-managiment-system\\smart-car-parking-managiment-system\\Web App\\functions\\index.js:96:3\n    at async C:\\Users\\hp\\smart-car-parking-managiment-system\\smart-car-parking-managiment-system\\Web App\\functions\\node_modules\\firebase-functions\\lib\\common\\providers\\https.js:545:26\n    at async runFunction (C:\\Users\\hp\\AppData\\Local\\npm-cache\\_npx\\ba4f1959e38407b5\\node_modules\\firebase-tools\\lib\\emulator\\functionsEmulatorRuntime.js:399:9)\n    at async runHTTPS (C:\\Users\\hp\\AppData\\Local\\npm-cache\\_npx\\ba4f1959e38407b5\\node_modules\\firebase-tools\\lib\\emulator\\functionsEmulatorRuntime.js:424:5)\n    at async C:\\Users\\hp\\AppData\\Local\\npm-cache\\_npx\\ba4f1959e38407b5\\node_modules\\firebase-tools\\lib\\emulator\\functionsEmulatorRuntime.js:585:21"},"metadata":{"emulator":{"name":"functions"},"function":{"name":"us-central1-createBooking"},"extension":{},"message":"\u001b[90m> \u001b[39m {\"severity\":\"ERROR\",\"message\":\"Unhandled error TypeError: Cannot read properties of undefined (reading 'fromMillis')\\n    at timestampFromMs (C:\\\\Users\\\\hp\\\\smart-car-parking-managiment-system\\\\smart-car-parking-managiment-system\\\\Web App\\\\functions\\\\index.js:19:36)\\n    at C:\\\\Users\\\\hp\\\\smart-car-parking-managiment-system\\\\smart-car-parking-managiment-system\\\\Web App\\\\functions\\\\index.js:111:19\\n    at process.processTicksAndRejections (node:internal/process/task_queues:105:5)\\n    at async Transaction.runTransactionOnce (C:\\\\Users\\\\hp\\\\smart-car-parking-managiment-system\\\\smart-car-parking-managiment-system\\\\Web App\\\\functions\\\\node_modules\\\\@google-cloud\\\\firestore\\\\build\\\\src\\\\transaction.js:440:28)\\n    at async C:\\\\Users\\\\hp\\\\smart-car-parking-managiment-system\\\\smart-car-parking-managiment-system\\\\Web App\\\\functions\\\\node_modules\\\\@google-cloud\\\\firestore\\\\build\\\\src\\\\transaction.js:412:28\\n    at async C:\\\\Users\\\\hp\\\\smart-car-parking-managiment-system\\\\smart-car-parking-managiment-system\\\\Web App\\\\functions\\\\index.js:96:3\\n    at async C:\\\\Users\\\\hp\\\\smart-car-parking-managiment-system\\\\smart-car-parking-managiment-system\\\\Web App\\\\functions\\\\node_modules\\\\firebase-functions\\\\lib\\\\common\\\\providers\\\\https.js:545:26\\n    at async runFunction (C:\\\\Users\\\\hp\\\\AppData\\\\Local\\\\npm-cache\\\\_npx\\\\ba4f1959e38407b5\\\\node_modules\\\\firebase-tools\\\\lib\\\\emulator\\\\functionsEmulatorRuntime.js:399:9)\\n    at async runHTTPS (C:\\\\Users\\\\hp\\\\AppData\\\\Local\\\\npm-cache\\\\_npx\\\\ba4f1959e38407b5\\\\node_modules\\\\firebase-tools\\\\lib\\\\emulator\\\\functionsEmulatorRuntime.js:424:5)\\n    at async C:\\\\Users\\\\hp\\\\AppData\\\\Local\\\\npm-cache\\\\_npx\\\\ba4f1959e38407b5\\\\node_modules\\\\firebase-tools\\\\lib\\\\emulator\\\\functionsEmulatorRuntime.js:585:21\"}"}}
[debug] [2026-04-07T17:39:15.497Z] Finishing up request with event=pause {"metadata":{"emulator":{"name":"functions"},"function":{"name":"us-central1-createBooking"},"extension":{},"message":"Finishing up request with event=pause"}}
[info] i  functions: Finished "us-central1-createBooking" in 4686.8785ms {"metadata":{"emulator":{"name":"functions"},"function":{"name":"us-central1-createBooking"},"extension":{},"message":"Finished \"us-central1-createBooking\" in 4686.8785ms"}}
[debug] [2026-04-07T17:39:15.499Z] [worker-us-central1-createBooking-e655a3be-39e2-417b-9fb5-e15363237ef8]: IDLE {"metadata":{"emulator":{"name":"functions"},"function":{"name":"us-central1-createBooking"},"extension":{},"message":"[worker-us-central1-createBooking-e655a3be-39e2-417b-9fb5-e15363237ef8]: IDLE"}}
[debug] [2026-04-07T17:39:15.500Z] Finishing up request with event=finish {"metadata":{"emulator":{"name":"functions"},"function":{"name":"us-central1-createBooking"},"extension":{},"message":"Finishing up request with event=finish"}}
[debug] [2026-04-07T17:39:15.501Z] Finishing up request with event=close {"metadata":{"emulator":{"name":"functions"},"function":{"name":"us-central1-createBooking"},"extension":{},"message":"Finishing up request with event=close"}}
[debug] [2026-04-07T17:39:15.502Z] [work-queue] {"queuedWork":[],"queueLength":0,"runningWork":[],"workRunningCount":0}
[debug] [2026-04-07T17:40:48.563Z] File C:\Users\hp\smart-car-parking-managiment-system\smart-car-parking-managiment-system\Web App\functions\index.js changed, reloading triggers {"metadata":{"emulator":{"name":"functions"},"message":"File C:\\Users\\hp\\smart-car-parking-managiment-system\\smart-car-parking-managiment-system\\Web App\\functions\\index.js changed, reloading triggers"}}
[debug] [2026-04-07T17:40:49.567Z] Validating nodejs source
[warn] !  functions: package.json indicates an outdated version of firebase-functions. Please upgrade using npm install --save firebase-functions@latest in your functions directory. 
[warn] !  functions: Please note that there will be breaking changes when you upgrade. 
[debug] [2026-04-07T17:40:53.359Z] > [functions] package.json contents: {
  "name": "enderase-functions",
  "private": true,
  "main": "index.js",
  "engines": {
    "node": "20"
  },
  "scripts": {
    "lint": "echo \"No lint configured\"",
    "serve": "firebase emulators:start --only functions",
    "deploy": "firebase deploy --only functions"
  },
  "dependencies": {
    "firebase-admin": "^13.5.0",
    "firebase-functions": "^6.0.1"
  }
}
[debug] [2026-04-07T17:40:53.359Z] Building nodejs source
[debug] [2026-04-07T17:40:53.359Z] Failed to find version of module node: reached end of search path C:\Users\hp\smart-car-parking-managiment-system\smart-car-parking-managiment-system\Web App\functions\node_modules
[warn] !  functions: Your requested "node" version "20" doesn't match your global version "22". Using node@22 from host. 
[debug] [2026-04-07T17:40:53.362Z] Could not find functions.yaml. Must use http discovery
[debug] [2026-04-07T17:40:53.388Z] Found firebase-functions binary at 'C:\Users\hp\smart-car-parking-managiment-system\smart-car-parking-managiment-system\Web App\functions\node_modules\.bin\firebase-functions'
[info] Serving at port 8508

[debug] [2026-04-07T17:40:55.757Z] Got response from /__/functions.yaml {"endpoints":{"createBooking":{"availableMemoryMb":null,"timeoutSeconds":null,"minInstances":null,"maxInstances":null,"ingressSettings":null,"concurrency":null,"serviceAccountEmail":null,"vpc":null,"platform":"gcfv2","region":["us-central1"],"labels":{},"callableTrigger":{},"entryPoint":"createBooking"},"expireBookings":{"availableMemoryMb":null,"timeoutSeconds":null,"minInstances":null,"maxInstances":null,"ingressSettings":null,"concurrency":null,"serviceAccountEmail":null,"vpc":null,"platform":"gcfv2","region":["us-central1"],"labels":{},"scheduleTrigger":{"schedule":"every 5 minutes","retryConfig":{},"timeZone":"Africa/Nairobi"},"entryPoint":"expireBookings"},"checkInVehicle":{"availableMemoryMb":null,"timeoutSeconds":null,"minInstances":null,"maxInstances":null,"ingressSettings":null,"concurrency":null,"serviceAccountEmail":null,"vpc":null,"platform":"gcfv2","region":["us-central1"],"labels":{},"callableTrigger":{},"entryPoint":"checkInVehicle"},"checkOutVehicle":{"availableMemoryMb":null,"timeoutSeconds":null,"minInstances":null,"maxInstances":null,"ingressSettings":null,"concurrency":null,"serviceAccountEmail":null,"vpc":null,"platform":"gcfv2","region":["us-central1"],"labels":{},"callableTrigger":{},"entryPoint":"checkOutVehicle"}},"specVersion":"v1alpha1","requiredAPIs":[{"api":"cloudscheduler.googleapis.com","reason":"Needed for scheduled functions."}],"extensions":{}}
[info] +  functions: Loaded functions definitions from source: createBooking, expireBookings, checkInVehicle, checkOutVehicle. {"metadata":{"emulator":{"name":"functions"},"message":"Loaded functions definitions from source: createBooking, expireBookings, checkInVehicle, checkOutVehicle."}}
[debug] [2026-04-07T17:40:59.859Z] [worker-pool] Shutting down IDLE worker (us-central1-createBooking) {"metadata":{"emulator":{"name":"functions"},"message":"[worker-pool] Shutting down IDLE worker (us-central1-createBooking)"}}
[debug] [2026-04-07T17:40:59.859Z] [worker-us-central1-createBooking-e655a3be-39e2-417b-9fb5-e15363237ef8]: FINISHING {"metadata":{"emulator":{"name":"functions"},"function":{"name":"us-central1-createBooking"},"extension":{},"message":"[worker-us-central1-createBooking-e655a3be-39e2-417b-9fb5-e15363237ef8]: FINISHING"}}
[debug] [2026-04-07T17:40:59.938Z] [worker-us-central1-createBooking-e655a3be-39e2-417b-9fb5-e15363237ef8]: exited {"metadata":{"emulator":{"name":"functions"},"function":{"name":"us-central1-createBooking"},"extension":{},"message":"[worker-us-central1-createBooking-e655a3be-39e2-417b-9fb5-e15363237ef8]: exited"}}
[debug] [2026-04-07T17:40:59.939Z] [worker-us-central1-createBooking-e655a3be-39e2-417b-9fb5-e15363237ef8]: FINISHED {"metadata":{"emulator":{"name":"functions"},"function":{"name":"us-central1-createBooking"},"extension":{},"message":"[worker-us-central1-createBooking-e655a3be-39e2-417b-9fb5-e15363237ef8]: FINISHED"}}
[debug] [2026-04-07T17:41:46.231Z] [work-queue] {"queuedWork":["/digital-parking-f9d2c/us-central1/createBooking-2026-04-07T17:41:46.231Z"],"queueLength":1,"runningWork":[],"workRunningCount":0}
[debug] [2026-04-07T17:41:46.232Z] [work-queue] {"queuedWork":[],"queueLength":0,"runningWork":["/digital-parking-f9d2c/us-central1/createBooking-2026-04-07T17:41:46.231Z"],"workRunningCount":1}
[debug] [2026-04-07T17:41:46.233Z] Accepted request OPTIONS /digital-parking-f9d2c/us-central1/createBooking --> us-central1-createBooking
[debug] [2026-04-07T17:41:46.234Z] [functions] Runtime ready! Sending request! {"metadata":{"emulator":{"name":"functions"},"message":"[functions] Runtime ready! Sending request!"}}
[debug] [2026-04-07T17:41:46.235Z] [functions] Got req.url=/digital-parking-f9d2c/us-central1/createBooking, mapping to path=/ {"metadata":{"emulator":{"name":"functions"},"message":"[functions] Got req.url=/digital-parking-f9d2c/us-central1/createBooking, mapping to path=/"}}
[debug] [2026-04-07T17:41:46.235Z] [worker-pool] Cleaned up workers for us-central1-createBooking: 1 --> 0 {"metadata":{"emulator":{"name":"functions"},"message":"[worker-pool] Cleaned up workers for us-central1-createBooking: 1 --> 0"}}
[debug] [2026-04-07T17:41:46.272Z] [worker-pool] addWorker(us-central1-createBooking) {"metadata":{"emulator":{"name":"functions"},"message":"[worker-pool] addWorker(us-central1-createBooking)"}}
[debug] [2026-04-07T17:41:46.274Z] [worker-pool] Adding worker with key us-central1-createBooking, total=1 {"metadata":{"emulator":{"name":"functions"},"message":"[worker-pool] Adding worker with key us-central1-createBooking, total=1"}}
[debug] [2026-04-07T17:41:49.883Z] [runtime-status] [15544] Resolved module firebase-admin {"declared":true,"installed":true,"version":"13.7.0","resolution":"C:\\Users\\hp\\smart-car-parking-managiment-system\\smart-car-parking-managiment-system\\Web App\\functions\\node_modules\\firebase-admin\\lib\\index.js"} {"metadata":{"emulator":{"name":"functions"},"function":{"name":"us-central1-createBooking"},"extension":{},"message":"[runtime-status] [15544] Resolved module firebase-admin {\"declared\":true,\"installed\":true,\"version\":\"13.7.0\",\"resolution\":\"C:\\\\Users\\\\hp\\\\smart-car-parking-managiment-system\\\\smart-car-parking-managiment-system\\\\Web App\\\\functions\\\\node_modules\\\\firebase-admin\\\\lib\\\\index.js\"}"}}
[debug] [2026-04-07T17:41:49.890Z] [runtime-status] [15544] Resolved module firebase-functions {"declared":true,"installed":true,"version":"6.6.0","resolution":"C:\\Users\\hp\\smart-car-parking-managiment-system\\smart-car-parking-managiment-system\\Web App\\functions\\node_modules\\firebase-functions\\lib\\v2\\index.js"} {"metadata":{"emulator":{"name":"functions"},"function":{"name":"us-central1-createBooking"},"extension":{},"message":"[runtime-status] [15544] Resolved module firebase-functions {\"declared\":true,\"installed\":true,\"version\":\"6.6.0\",\"resolution\":\"C:\\\\Users\\\\hp\\\\smart-car-parking-managiment-system\\\\smart-car-parking-managiment-system\\\\Web App\\\\functions\\\\node_modules\\\\firebase-functions\\\\lib\\\\v2\\\\index.js\"}"}}
[debug] [2026-04-07T17:41:49.892Z] [runtime-status] [15544] Outgoing network have been stubbed. [{"name":"http","status":"mocked"},{"name":"http","status":"mocked"},{"name":"https","status":"mocked"},{"name":"https","status":"mocked"},{"name":"net","status":"mocked"}] {"metadata":{"emulator":{"name":"functions"},"function":{"name":"us-central1-createBooking"},"extension":{},"message":"[runtime-status] [15544] Outgoing network have been stubbed. [{\"name\":\"http\",\"status\":\"mocked\"},{\"name\":\"http\",\"status\":\"mocked\"},{\"name\":\"https\",\"status\":\"mocked\"},{\"name\":\"https\",\"status\":\"mocked\"},{\"name\":\"net\",\"status\":\"mocked\"}]"}}
[debug] [2026-04-07T17:41:49.895Z] [runtime-status] [15544] Resolved module firebase-functions {"declared":true,"installed":true,"version":"6.6.0","resolution":"C:\\Users\\hp\\smart-car-parking-managiment-system\\smart-car-parking-managiment-system\\Web App\\functions\\node_modules\\firebase-functions\\lib\\v2\\index.js"} {"metadata":{"emulator":{"name":"functions"},"function":{"name":"us-central1-createBooking"},"extension":{},"message":"[runtime-status] [15544] Resolved module firebase-functions {\"declared\":true,\"installed\":true,\"version\":\"6.6.0\",\"resolution\":\"C:\\\\Users\\\\hp\\\\smart-car-parking-managiment-system\\\\smart-car-parking-managiment-system\\\\Web App\\\\functions\\\\node_modules\\\\firebase-functions\\\\lib\\\\v2\\\\index.js\"}"}}
[debug] [2026-04-07T17:41:50.665Z] [runtime-status] [15544] Resolved module firebase-admin {"declared":true,"installed":true,"version":"13.7.0","resolution":"C:\\Users\\hp\\smart-car-parking-managiment-system\\smart-car-parking-managiment-system\\Web App\\functions\\node_modules\\firebase-admin\\lib\\index.js"} {"metadata":{"emulator":{"name":"functions"},"function":{"name":"us-central1-createBooking"},"extension":{},"message":"[runtime-status] [15544] Resolved module firebase-admin {\"declared\":true,\"installed\":true,\"version\":\"13.7.0\",\"resolution\":\"C:\\\\Users\\\\hp\\\\smart-car-parking-managiment-system\\\\smart-car-parking-managiment-system\\\\Web App\\\\functions\\\\node_modules\\\\firebase-admin\\\\lib\\\\index.js\"}"}}
[debug] [2026-04-07T17:41:50.673Z] [runtime-status] [15544] Resolved module firebase-functions {"declared":true,"installed":true,"version":"6.6.0","resolution":"C:\\Users\\hp\\smart-car-parking-managiment-system\\smart-car-parking-managiment-system\\Web App\\functions\\node_modules\\firebase-functions\\lib\\v2\\index.js"} {"metadata":{"emulator":{"name":"functions"},"function":{"name":"us-central1-createBooking"},"extension":{},"message":"[runtime-status] [15544] Resolved module firebase-functions {\"declared\":true,\"installed\":true,\"version\":\"6.6.0\",\"resolution\":\"C:\\\\Users\\\\hp\\\\smart-car-parking-managiment-system\\\\smart-car-parking-managiment-system\\\\Web App\\\\functions\\\\node_modules\\\\firebase-functions\\\\lib\\\\v2\\\\index.js\"}"}}
[debug] [2026-04-07T17:41:51.146Z] [runtime-status] [15544] firebase-admin has been stubbed. {"adminResolution":{"declared":true,"installed":true,"version":"13.7.0","resolution":"C:\\Users\\hp\\smart-car-parking-managiment-system\\smart-car-parking-managiment-system\\Web App\\functions\\node_modules\\firebase-admin\\lib\\index.js"}} {"metadata":{"emulator":{"name":"functions"},"function":{"name":"us-central1-createBooking"},"extension":{},"message":"[runtime-status] [15544] firebase-admin has been stubbed. {\"adminResolution\":{\"declared\":true,\"installed\":true,\"version\":\"13.7.0\",\"resolution\":\"C:\\\\Users\\\\hp\\\\smart-car-parking-managiment-system\\\\smart-car-parking-managiment-system\\\\Web App\\\\functions\\\\node_modules\\\\firebase-admin\\\\lib\\\\index.js\"}}"}}
[debug] [2026-04-07T17:41:51.153Z] [runtime-status] [15544] initializeApp(DEFAULT) {"storageBucket":"digital-parking-f9d2c.firebasestorage.app","projectId":"digital-parking-f9d2c"} {"metadata":{"emulator":{"name":"functions"},"function":{"name":"us-central1-createBooking"},"extension":{},"message":"[runtime-status] [15544] initializeApp(DEFAULT) {\"storageBucket\":\"digital-parking-f9d2c.firebasestorage.app\",\"projectId\":\"digital-parking-f9d2c\"}"}}
[debug] [2026-04-07T17:41:51.176Z] [runtime-status] [15544] Functions runtime initialized. {"cwd":"C:\\Users\\hp\\smart-car-parking-managiment-system\\smart-car-parking-managiment-system\\Web App\\functions","node_version":"22.15.0"} {"metadata":{"emulator":{"name":"functions"},"function":{"name":"us-central1-createBooking"},"extension":{},"message":"[runtime-status] [15544] Functions runtime initialized. {\"cwd\":\"C:\\\\Users\\\\hp\\\\smart-car-parking-managiment-system\\\\smart-car-parking-managiment-system\\\\Web App\\\\functions\",\"node_version\":\"22.15.0\"}"}}
[debug] [2026-04-07T17:41:51.177Z] [runtime-status] [15544] Listening to port: \\?\pipe\fire_emu_fcaebd917c644824 {"metadata":{"emulator":{"name":"functions"},"function":{"name":"us-central1-createBooking"},"extension":{},"message":"[runtime-status] [15544] Listening to port: \\\\?\\pipe\\fire_emu_fcaebd917c644824"}}
[debug] [2026-04-07T17:41:51.297Z] [worker-us-central1-createBooking-bfbd8ab2-84cc-4b72-b5b3-6b9431bb63cc]: IDLE {"metadata":{"emulator":{"name":"functions"},"function":{"name":"us-central1-createBooking"},"extension":{},"message":"[worker-us-central1-createBooking-bfbd8ab2-84cc-4b72-b5b3-6b9431bb63cc]: IDLE"}}
[debug] [2026-04-07T17:41:51.298Z] [worker-pool] submitRequest(triggerId=us-central1-createBooking) {"metadata":{"emulator":{"name":"functions"},"message":"[worker-pool] submitRequest(triggerId=us-central1-createBooking)"}}
[info] i  functions: Beginning execution of "us-central1-createBooking" {"metadata":{"emulator":{"name":"functions"},"function":{"name":"us-central1-createBooking"},"extension":{},"message":"Beginning execution of \"us-central1-createBooking\""}}
[debug] [2026-04-07T17:41:51.300Z] [worker-us-central1-createBooking-bfbd8ab2-84cc-4b72-b5b3-6b9431bb63cc]: BUSY {"metadata":{"emulator":{"name":"functions"},"function":{"name":"us-central1-createBooking"},"extension":{},"message":"[worker-us-central1-createBooking-bfbd8ab2-84cc-4b72-b5b3-6b9431bb63cc]: BUSY"}}
[debug] [2026-04-07T17:41:51.313Z] Finishing up request with event=pause {"metadata":{"emulator":{"name":"functions"},"function":{"name":"us-central1-createBooking"},"extension":{},"message":"Finishing up request with event=pause"}}
[info] i  functions: Finished "us-central1-createBooking" in 13.7008ms {"metadata":{"emulator":{"name":"functions"},"function":{"name":"us-central1-createBooking"},"extension":{},"message":"Finished \"us-central1-createBooking\" in 13.7008ms"}}
[debug] [2026-04-07T17:41:51.315Z] [worker-us-central1-createBooking-bfbd8ab2-84cc-4b72-b5b3-6b9431bb63cc]: IDLE {"metadata":{"emulator":{"name":"functions"},"function":{"name":"us-central1-createBooking"},"extension":{},"message":"[worker-us-central1-createBooking-bfbd8ab2-84cc-4b72-b5b3-6b9431bb63cc]: IDLE"}}
[debug] [2026-04-07T17:41:51.315Z] Finishing up request with event=finish {"metadata":{"emulator":{"name":"functions"},"function":{"name":"us-central1-createBooking"},"extension":{},"message":"Finishing up request with event=finish"}}
[debug] [2026-04-07T17:41:51.316Z] Finishing up request with event=close {"metadata":{"emulator":{"name":"functions"},"function":{"name":"us-central1-createBooking"},"extension":{},"message":"Finishing up request with event=close"}}
[debug] [2026-04-07T17:41:51.316Z] [work-queue] {"queuedWork":[],"queueLength":0,"runningWork":[],"workRunningCount":0}
[debug] [2026-04-07T17:41:51.318Z] [work-queue] {"queuedWork":["/digital-parking-f9d2c/us-central1/createBooking-2026-04-07T17:41:51.318Z"],"queueLength":1,"runningWork":[],"workRunningCount":0}
[debug] [2026-04-07T17:41:51.318Z] [work-queue] {"queuedWork":[],"queueLength":0,"runningWork":["/digital-parking-f9d2c/us-central1/createBooking-2026-04-07T17:41:51.318Z"],"workRunningCount":1}
[debug] [2026-04-07T17:41:51.318Z] Accepted request POST /digital-parking-f9d2c/us-central1/createBooking --> us-central1-createBooking
[debug] [2026-04-07T17:41:51.319Z] [functions] Runtime ready! Sending request! {"metadata":{"emulator":{"name":"functions"},"message":"[functions] Runtime ready! Sending request!"}}
[debug] [2026-04-07T17:41:51.320Z] [functions] Got req.url=/digital-parking-f9d2c/us-central1/createBooking, mapping to path=/ {"metadata":{"emulator":{"name":"functions"},"message":"[functions] Got req.url=/digital-parking-f9d2c/us-central1/createBooking, mapping to path=/"}}
[debug] [2026-04-07T17:41:51.320Z] [worker-pool] submitRequest(triggerId=us-central1-createBooking) {"metadata":{"emulator":{"name":"functions"},"message":"[worker-pool] submitRequest(triggerId=us-central1-createBooking)"}}
[info] i  functions: Beginning execution of "us-central1-createBooking" {"metadata":{"emulator":{"name":"functions"},"function":{"name":"us-central1-createBooking"},"extension":{},"message":"Beginning execution of \"us-central1-createBooking\""}}
[debug] [2026-04-07T17:41:51.321Z] [worker-us-central1-createBooking-bfbd8ab2-84cc-4b72-b5b3-6b9431bb63cc]: BUSY {"metadata":{"emulator":{"name":"functions"},"function":{"name":"us-central1-createBooking"},"extension":{},"message":"[worker-us-central1-createBooking-bfbd8ab2-84cc-4b72-b5b3-6b9431bb63cc]: BUSY"}}
[info] >  {"verifications":{"app":"MISSING","auth":"VALID"},"logging.googleapis.com/labels":{"firebase-log-type":"callable-request-verification"},"severity":"DEBUG","message":"Callable request verification passed"} {"user":{"verifications":{"app":"MISSING","auth":"VALID"},"logging.googleapis.com/labels":{"firebase-log-type":"callable-request-verification"},"severity":"DEBUG","message":"Callable request verification passed"},"metadata":{"emulator":{"name":"functions"},"function":{"name":"us-central1-createBooking"},"extension":{},"message":"\u001b[90m> \u001b[39m {\"verifications\":{\"app\":\"MISSING\",\"auth\":\"VALID\"},\"logging.googleapis.com/labels\":{\"firebase-log-type\":\"callable-request-verification\"},\"severity\":\"DEBUG\",\"message\":\"Callable request verification passed\"}"}}
[warn] !  Google API requested!
   - URL: "https://oauth2.googleapis.com/token"
   - Be careful, this may be a production service. {"metadata":{"emulator":{"name":"functions"},"function":{"name":"us-central1-createBooking"},"extension":{},"message":"Google API requested!\n   - URL: \"https://oauth2.googleapis.com/token\"\n   - Be careful, this may be a production service."}}
[debug] [2026-04-07T17:41:55.493Z] Finishing up request with event=pause {"metadata":{"emulator":{"name":"functions"},"function":{"name":"us-central1-createBooking"},"extension":{},"message":"Finishing up request with event=pause"}}
[info] i  functions: Finished "us-central1-createBooking" in 4172.7166ms {"metadata":{"emulator":{"name":"functions"},"function":{"name":"us-central1-createBooking"},"extension":{},"message":"Finished \"us-central1-createBooking\" in 4172.7166ms"}}
[debug] [2026-04-07T17:41:55.495Z] [worker-us-central1-createBooking-bfbd8ab2-84cc-4b72-b5b3-6b9431bb63cc]: IDLE {"metadata":{"emulator":{"name":"functions"},"function":{"name":"us-central1-createBooking"},"extension":{},"message":"[worker-us-central1-createBooking-bfbd8ab2-84cc-4b72-b5b3-6b9431bb63cc]: IDLE"}}
[debug] [2026-04-07T17:41:55.496Z] Finishing up request with event=finish {"metadata":{"emulator":{"name":"functions"},"function":{"name":"us-central1-createBooking"},"extension":{},"message":"Finishing up request with event=finish"}}
[debug] [2026-04-07T17:41:55.496Z] Finishing up request with event=close {"metadata":{"emulator":{"name":"functions"},"function":{"name":"us-central1-createBooking"},"extension":{},"message":"Finishing up request with event=close"}}
[debug] [2026-04-07T17:41:55.497Z] [work-queue] {"queuedWork":[],"queueLength":0,"runningWork":[],"workRunningCount":0}
[debug] [2026-04-07T17:44:30.505Z] [work-queue] {"queuedWork":["/digital-parking-f9d2c/us-central1/checkInVehicle-2026-04-07T17:44:30.505Z"],"queueLength":1,"runningWork":[],"workRunningCount":0}
[debug] [2026-04-07T17:44:30.506Z] [work-queue] {"queuedWork":[],"queueLength":0,"runningWork":["/digital-parking-f9d2c/us-central1/checkInVehicle-2026-04-07T17:44:30.505Z"],"workRunningCount":1}
[debug] [2026-04-07T17:44:30.507Z] Accepted request OPTIONS /digital-parking-f9d2c/us-central1/checkInVehicle --> us-central1-checkInVehicle
[debug] [2026-04-07T17:44:30.509Z] [functions] Runtime ready! Sending request! {"metadata":{"emulator":{"name":"functions"},"message":"[functions] Runtime ready! Sending request!"}}
[debug] [2026-04-07T17:44:30.510Z] [functions] Got req.url=/digital-parking-f9d2c/us-central1/checkInVehicle, mapping to path=/ {"metadata":{"emulator":{"name":"functions"},"message":"[functions] Got req.url=/digital-parking-f9d2c/us-central1/checkInVehicle, mapping to path=/"}}
[debug] [2026-04-07T17:44:30.546Z] [worker-pool] addWorker(us-central1-checkInVehicle) {"metadata":{"emulator":{"name":"functions"},"message":"[worker-pool] addWorker(us-central1-checkInVehicle)"}}
[debug] [2026-04-07T17:44:30.547Z] [worker-pool] Adding worker with key us-central1-checkInVehicle, total=1 {"metadata":{"emulator":{"name":"functions"},"message":"[worker-pool] Adding worker with key us-central1-checkInVehicle, total=1"}}
[debug] [2026-04-07T17:44:34.049Z] [runtime-status] [18856] Resolved module firebase-admin {"declared":true,"installed":true,"version":"13.7.0","resolution":"C:\\Users\\hp\\smart-car-parking-managiment-system\\smart-car-parking-managiment-system\\Web App\\functions\\node_modules\\firebase-admin\\lib\\index.js"} {"metadata":{"emulator":{"name":"functions"},"function":{"name":"us-central1-checkInVehicle"},"extension":{},"message":"[runtime-status] [18856] Resolved module firebase-admin {\"declared\":true,\"installed\":true,\"version\":\"13.7.0\",\"resolution\":\"C:\\\\Users\\\\hp\\\\smart-car-parking-managiment-system\\\\smart-car-parking-managiment-system\\\\Web App\\\\functions\\\\node_modules\\\\firebase-admin\\\\lib\\\\index.js\"}"}}
[debug] [2026-04-07T17:44:34.053Z] [runtime-status] [18856] Resolved module firebase-functions {"declared":true,"installed":true,"version":"6.6.0","resolution":"C:\\Users\\hp\\smart-car-parking-managiment-system\\smart-car-parking-managiment-system\\Web App\\functions\\node_modules\\firebase-functions\\lib\\v2\\index.js"} {"metadata":{"emulator":{"name":"functions"},"function":{"name":"us-central1-checkInVehicle"},"extension":{},"message":"[runtime-status] [18856] Resolved module firebase-functions {\"declared\":true,\"installed\":true,\"version\":\"6.6.0\",\"resolution\":\"C:\\\\Users\\\\hp\\\\smart-car-parking-managiment-system\\\\smart-car-parking-managiment-system\\\\Web App\\\\functions\\\\node_modules\\\\firebase-functions\\\\lib\\\\v2\\\\index.js\"}"}}
[debug] [2026-04-07T17:44:34.054Z] [runtime-status] [18856] Outgoing network have been stubbed. [{"name":"http","status":"mocked"},{"name":"http","status":"mocked"},{"name":"https","status":"mocked"},{"name":"https","status":"mocked"},{"name":"net","status":"mocked"}] {"metadata":{"emulator":{"name":"functions"},"function":{"name":"us-central1-checkInVehicle"},"extension":{},"message":"[runtime-status] [18856] Outgoing network have been stubbed. [{\"name\":\"http\",\"status\":\"mocked\"},{\"name\":\"http\",\"status\":\"mocked\"},{\"name\":\"https\",\"status\":\"mocked\"},{\"name\":\"https\",\"status\":\"mocked\"},{\"name\":\"net\",\"status\":\"mocked\"}]"}}
[debug] [2026-04-07T17:44:34.056Z] [runtime-status] [18856] Resolved module firebase-functions {"declared":true,"installed":true,"version":"6.6.0","resolution":"C:\\Users\\hp\\smart-car-parking-managiment-system\\smart-car-parking-managiment-system\\Web App\\functions\\node_modules\\firebase-functions\\lib\\v2\\index.js"} {"metadata":{"emulator":{"name":"functions"},"function":{"name":"us-central1-checkInVehicle"},"extension":{},"message":"[runtime-status] [18856] Resolved module firebase-functions {\"declared\":true,\"installed\":true,\"version\":\"6.6.0\",\"resolution\":\"C:\\\\Users\\\\hp\\\\smart-car-parking-managiment-system\\\\smart-car-parking-managiment-system\\\\Web App\\\\functions\\\\node_modules\\\\firebase-functions\\\\lib\\\\v2\\\\index.js\"}"}}
[debug] [2026-04-07T17:44:34.810Z] [runtime-status] [18856] Resolved module firebase-admin {"declared":true,"installed":true,"version":"13.7.0","resolution":"C:\\Users\\hp\\smart-car-parking-managiment-system\\smart-car-parking-managiment-system\\Web App\\functions\\node_modules\\firebase-admin\\lib\\index.js"} {"metadata":{"emulator":{"name":"functions"},"function":{"name":"us-central1-checkInVehicle"},"extension":{},"message":"[runtime-status] [18856] Resolved module firebase-admin {\"declared\":true,\"installed\":true,\"version\":\"13.7.0\",\"resolution\":\"C:\\\\Users\\\\hp\\\\smart-car-parking-managiment-system\\\\smart-car-parking-managiment-system\\\\Web App\\\\functions\\\\node_modules\\\\firebase-admin\\\\lib\\\\index.js\"}"}}
[debug] [2026-04-07T17:44:34.818Z] [runtime-status] [18856] Resolved module firebase-functions {"declared":true,"installed":true,"version":"6.6.0","resolution":"C:\\Users\\hp\\smart-car-parking-managiment-system\\smart-car-parking-managiment-system\\Web App\\functions\\node_modules\\firebase-functions\\lib\\v2\\index.js"} {"metadata":{"emulator":{"name":"functions"},"function":{"name":"us-central1-checkInVehicle"},"extension":{},"message":"[runtime-status] [18856] Resolved module firebase-functions {\"declared\":true,\"installed\":true,\"version\":\"6.6.0\",\"resolution\":\"C:\\\\Users\\\\hp\\\\smart-car-parking-managiment-system\\\\smart-car-parking-managiment-system\\\\Web App\\\\functions\\\\node_modules\\\\firebase-functions\\\\lib\\\\v2\\\\index.js\"}"}}
[debug] [2026-04-07T17:44:35.327Z] [runtime-status] [18856] firebase-admin has been stubbed. {"adminResolution":{"declared":true,"installed":true,"version":"13.7.0","resolution":"C:\\Users\\hp\\smart-car-parking-managiment-system\\smart-car-parking-managiment-system\\Web App\\functions\\node_modules\\firebase-admin\\lib\\index.js"}} {"metadata":{"emulator":{"name":"functions"},"function":{"name":"us-central1-checkInVehicle"},"extension":{},"message":"[runtime-status] [18856] firebase-admin has been stubbed. {\"adminResolution\":{\"declared\":true,\"installed\":true,\"version\":\"13.7.0\",\"resolution\":\"C:\\\\Users\\\\hp\\\\smart-car-parking-managiment-system\\\\smart-car-parking-managiment-system\\\\Web App\\\\functions\\\\node_modules\\\\firebase-admin\\\\lib\\\\index.js\"}}"}}
[debug] [2026-04-07T17:44:35.336Z] [runtime-status] [18856] initializeApp(DEFAULT) {"storageBucket":"digital-parking-f9d2c.firebasestorage.app","projectId":"digital-parking-f9d2c"} {"metadata":{"emulator":{"name":"functions"},"function":{"name":"us-central1-checkInVehicle"},"extension":{},"message":"[runtime-status] [18856] initializeApp(DEFAULT) {\"storageBucket\":\"digital-parking-f9d2c.firebasestorage.app\",\"projectId\":\"digital-parking-f9d2c\"}"}}
[debug] [2026-04-07T17:44:35.367Z] [runtime-status] [18856] Functions runtime initialized. {"cwd":"C:\\Users\\hp\\smart-car-parking-managiment-system\\smart-car-parking-managiment-system\\Web App\\functions","node_version":"22.15.0"} {"metadata":{"emulator":{"name":"functions"},"function":{"name":"us-central1-checkInVehicle"},"extension":{},"message":"[runtime-status] [18856] Functions runtime initialized. {\"cwd\":\"C:\\\\Users\\\\hp\\\\smart-car-parking-managiment-system\\\\smart-car-parking-managiment-system\\\\Web App\\\\functions\",\"node_version\":\"22.15.0\"}"}}
[debug] [2026-04-07T17:44:35.367Z] [runtime-status] [18856] Listening to port: \\?\pipe\fire_emu_33de04a3c12f1d82 {"metadata":{"emulator":{"name":"functions"},"function":{"name":"us-central1-checkInVehicle"},"extension":{},"message":"[runtime-status] [18856] Listening to port: \\\\?\\pipe\\fire_emu_33de04a3c12f1d82"}}
[debug] [2026-04-07T17:44:35.475Z] [worker-us-central1-checkInVehicle-e0c08967-446e-42e3-91a4-81f9288baf44]: IDLE {"metadata":{"emulator":{"name":"functions"},"function":{"name":"us-central1-checkInVehicle"},"extension":{},"message":"[worker-us-central1-checkInVehicle-e0c08967-446e-42e3-91a4-81f9288baf44]: IDLE"}}
[debug] [2026-04-07T17:44:35.476Z] [worker-pool] submitRequest(triggerId=us-central1-checkInVehicle) {"metadata":{"emulator":{"name":"functions"},"message":"[worker-pool] submitRequest(triggerId=us-central1-checkInVehicle)"}}
[info] i  functions: Beginning execution of "us-central1-checkInVehicle" {"metadata":{"emulator":{"name":"functions"},"function":{"name":"us-central1-checkInVehicle"},"extension":{},"message":"Beginning execution of \"us-central1-checkInVehicle\""}}
[debug] [2026-04-07T17:44:35.477Z] [worker-us-central1-checkInVehicle-e0c08967-446e-42e3-91a4-81f9288baf44]: BUSY {"metadata":{"emulator":{"name":"functions"},"function":{"name":"us-central1-checkInVehicle"},"extension":{},"message":"[worker-us-central1-checkInVehicle-e0c08967-446e-42e3-91a4-81f9288baf44]: BUSY"}}
[debug] [2026-04-07T17:44:35.492Z] Finishing up request with event=pause {"metadata":{"emulator":{"name":"functions"},"function":{"name":"us-central1-checkInVehicle"},"extension":{},"message":"Finishing up request with event=pause"}}
[info] i  functions: Finished "us-central1-checkInVehicle" in 15.3473ms {"metadata":{"emulator":{"name":"functions"},"function":{"name":"us-central1-checkInVehicle"},"extension":{},"message":"Finished \"us-central1-checkInVehicle\" in 15.3473ms"}}
[debug] [2026-04-07T17:44:35.495Z] [worker-us-central1-checkInVehicle-e0c08967-446e-42e3-91a4-81f9288baf44]: IDLE {"metadata":{"emulator":{"name":"functions"},"function":{"name":"us-central1-checkInVehicle"},"extension":{},"message":"[worker-us-central1-checkInVehicle-e0c08967-446e-42e3-91a4-81f9288baf44]: IDLE"}}
[debug] [2026-04-07T17:44:35.495Z] Finishing up request with event=finish {"metadata":{"emulator":{"name":"functions"},"function":{"name":"us-central1-checkInVehicle"},"extension":{},"message":"Finishing up request with event=finish"}}
[debug] [2026-04-07T17:44:35.496Z] Finishing up request with event=close {"metadata":{"emulator":{"name":"functions"},"function":{"name":"us-central1-checkInVehicle"},"extension":{},"message":"Finishing up request with event=close"}}
[debug] [2026-04-07T17:44:35.496Z] [work-queue] {"queuedWork":[],"queueLength":0,"runningWork":[],"workRunningCount":0}
[debug] [2026-04-07T17:44:35.499Z] [work-queue] {"queuedWork":["/digital-parking-f9d2c/us-central1/checkInVehicle-2026-04-07T17:44:35.499Z"],"queueLength":1,"runningWork":[],"workRunningCount":0}
[debug] [2026-04-07T17:44:35.500Z] [work-queue] {"queuedWork":[],"queueLength":0,"runningWork":["/digital-parking-f9d2c/us-central1/checkInVehicle-2026-04-07T17:44:35.499Z"],"workRunningCount":1}
[debug] [2026-04-07T17:44:35.500Z] Accepted request POST /digital-parking-f9d2c/us-central1/checkInVehicle --> us-central1-checkInVehicle
[debug] [2026-04-07T17:44:35.501Z] [functions] Runtime ready! Sending request! {"metadata":{"emulator":{"name":"functions"},"message":"[functions] Runtime ready! Sending request!"}}
[debug] [2026-04-07T17:44:35.502Z] [functions] Got req.url=/digital-parking-f9d2c/us-central1/checkInVehicle, mapping to path=/ {"metadata":{"emulator":{"name":"functions"},"message":"[functions] Got req.url=/digital-parking-f9d2c/us-central1/checkInVehicle, mapping to path=/"}}
[debug] [2026-04-07T17:44:35.503Z] [worker-pool] submitRequest(triggerId=us-central1-checkInVehicle) {"metadata":{"emulator":{"name":"functions"},"message":"[worker-pool] submitRequest(triggerId=us-central1-checkInVehicle)"}}
[info] i  functions: Beginning execution of "us-central1-checkInVehicle" {"metadata":{"emulator":{"name":"functions"},"function":{"name":"us-central1-checkInVehicle"},"extension":{},"message":"Beginning execution of \"us-central1-checkInVehicle\""}}
[debug] [2026-04-07T17:44:35.505Z] [worker-us-central1-checkInVehicle-e0c08967-446e-42e3-91a4-81f9288baf44]: BUSY {"metadata":{"emulator":{"name":"functions"},"function":{"name":"us-central1-checkInVehicle"},"extension":{},"message":"[worker-us-central1-checkInVehicle-e0c08967-446e-42e3-91a4-81f9288baf44]: BUSY"}}
[info] >  {"verifications":{"app":"MISSING","auth":"VALID"},"logging.googleapis.com/labels":{"firebase-log-type":"callable-request-verification"},"severity":"DEBUG","message":"Callable request verification passed"} {"user":{"verifications":{"app":"MISSING","auth":"VALID"},"logging.googleapis.com/labels":{"firebase-log-type":"callable-request-verification"},"severity":"DEBUG","message":"Callable request verification passed"},"metadata":{"emulator":{"name":"functions"},"function":{"name":"us-central1-checkInVehicle"},"extension":{},"message":"\u001b[90m> \u001b[39m {\"verifications\":{\"app\":\"MISSING\",\"auth\":\"VALID\"},\"logging.googleapis.com/labels\":{\"firebase-log-type\":\"callable-request-verification\"},\"severity\":\"DEBUG\",\"message\":\"Callable request verification passed\"}"}}
[warn] !  Google API requested!
   - URL: "https://oauth2.googleapis.com/token"
   - Be careful, this may be a production service. {"metadata":{"emulator":{"name":"functions"},"function":{"name":"us-central1-checkInVehicle"},"extension":{},"message":"Google API requested!\n   - URL: \"https://oauth2.googleapis.com/token\"\n   - Be careful, this may be a production service."}}
[debug] [2026-04-07T17:44:41.039Z] Finishing up request with event=pause {"metadata":{"emulator":{"name":"functions"},"function":{"name":"us-central1-checkInVehicle"},"extension":{},"message":"Finishing up request with event=pause"}}
[info] i  functions: Finished "us-central1-checkInVehicle" in 5535.1591ms {"metadata":{"emulator":{"name":"functions"},"function":{"name":"us-central1-checkInVehicle"},"extension":{},"message":"Finished \"us-central1-checkInVehicle\" in 5535.1591ms"}}
[debug] [2026-04-07T17:44:41.041Z] [worker-us-central1-checkInVehicle-e0c08967-446e-42e3-91a4-81f9288baf44]: IDLE {"metadata":{"emulator":{"name":"functions"},"function":{"name":"us-central1-checkInVehicle"},"extension":{},"message":"[worker-us-central1-checkInVehicle-e0c08967-446e-42e3-91a4-81f9288baf44]: IDLE"}}
[debug] [2026-04-07T17:44:41.041Z] Finishing up request with event=finish {"metadata":{"emulator":{"name":"functions"},"function":{"name":"us-central1-checkInVehicle"},"extension":{},"message":"Finishing up request with event=finish"}}
[debug] [2026-04-07T17:44:41.041Z] Finishing up request with event=close {"metadata":{"emulator":{"name":"functions"},"function":{"name":"us-central1-checkInVehicle"},"extension":{},"message":"Finishing up request with event=close"}}
[debug] [2026-04-07T17:44:41.042Z] [work-queue] {"queuedWork":[],"queueLength":0,"runningWork":[],"workRunningCount":0}
[debug] [2026-04-07T17:44:53.974Z] [work-queue] {"queuedWork":["/digital-parking-f9d2c/us-central1/checkOutVehicle-2026-04-07T17:44:53.973Z"],"queueLength":1,"runningWork":[],"workRunningCount":0}
[debug] [2026-04-07T17:44:53.974Z] [work-queue] {"queuedWork":[],"queueLength":0,"runningWork":["/digital-parking-f9d2c/us-central1/checkOutVehicle-2026-04-07T17:44:53.973Z"],"workRunningCount":1}
[debug] [2026-04-07T17:44:53.974Z] Accepted request OPTIONS /digital-parking-f9d2c/us-central1/checkOutVehicle --> us-central1-checkOutVehicle
[debug] [2026-04-07T17:44:53.974Z] [functions] Runtime ready! Sending request! {"metadata":{"emulator":{"name":"functions"},"message":"[functions] Runtime ready! Sending request!"}}
[debug] [2026-04-07T17:44:53.975Z] [functions] Got req.url=/digital-parking-f9d2c/us-central1/checkOutVehicle, mapping to path=/ {"metadata":{"emulator":{"name":"functions"},"message":"[functions] Got req.url=/digital-parking-f9d2c/us-central1/checkOutVehicle, mapping to path=/"}}
[debug] [2026-04-07T17:44:53.989Z] [worker-pool] addWorker(us-central1-checkOutVehicle) {"metadata":{"emulator":{"name":"functions"},"message":"[worker-pool] addWorker(us-central1-checkOutVehicle)"}}
[debug] [2026-04-07T17:44:53.989Z] [worker-pool] Adding worker with key us-central1-checkOutVehicle, total=1 {"metadata":{"emulator":{"name":"functions"},"message":"[worker-pool] Adding worker with key us-central1-checkOutVehicle, total=1"}}
[debug] [2026-04-07T17:44:57.475Z] [runtime-status] [38600] Resolved module firebase-admin {"declared":true,"installed":true,"version":"13.7.0","resolution":"C:\\Users\\hp\\smart-car-parking-managiment-system\\smart-car-parking-managiment-system\\Web App\\functions\\node_modules\\firebase-admin\\lib\\index.js"} {"metadata":{"emulator":{"name":"functions"},"function":{"name":"us-central1-checkOutVehicle"},"extension":{},"message":"[runtime-status] [38600] Resolved module firebase-admin {\"declared\":true,\"installed\":true,\"version\":\"13.7.0\",\"resolution\":\"C:\\\\Users\\\\hp\\\\smart-car-parking-managiment-system\\\\smart-car-parking-managiment-system\\\\Web App\\\\functions\\\\node_modules\\\\firebase-admin\\\\lib\\\\index.js\"}"}}
[debug] [2026-04-07T17:44:57.479Z] [runtime-status] [38600] Resolved module firebase-functions {"declared":true,"installed":true,"version":"6.6.0","resolution":"C:\\Users\\hp\\smart-car-parking-managiment-system\\smart-car-parking-managiment-system\\Web App\\functions\\node_modules\\firebase-functions\\lib\\v2\\index.js"} {"metadata":{"emulator":{"name":"functions"},"function":{"name":"us-central1-checkOutVehicle"},"extension":{},"message":"[runtime-status] [38600] Resolved module firebase-functions {\"declared\":true,\"installed\":true,\"version\":\"6.6.0\",\"resolution\":\"C:\\\\Users\\\\hp\\\\smart-car-parking-managiment-system\\\\smart-car-parking-managiment-system\\\\Web App\\\\functions\\\\node_modules\\\\firebase-functions\\\\lib\\\\v2\\\\index.js\"}"}}
[debug] [2026-04-07T17:44:57.480Z] [runtime-status] [38600] Outgoing network have been stubbed. [{"name":"http","status":"mocked"},{"name":"http","status":"mocked"},{"name":"https","status":"mocked"},{"name":"https","status":"mocked"},{"name":"net","status":"mocked"}] {"metadata":{"emulator":{"name":"functions"},"function":{"name":"us-central1-checkOutVehicle"},"extension":{},"message":"[runtime-status] [38600] Outgoing network have been stubbed. [{\"name\":\"http\",\"status\":\"mocked\"},{\"name\":\"http\",\"status\":\"mocked\"},{\"name\":\"https\",\"status\":\"mocked\"},{\"name\":\"https\",\"status\":\"mocked\"},{\"name\":\"net\",\"status\":\"mocked\"}]"}}
[debug] [2026-04-07T17:44:57.482Z] [runtime-status] [38600] Resolved module firebase-functions {"declared":true,"installed":true,"version":"6.6.0","resolution":"C:\\Users\\hp\\smart-car-parking-managiment-system\\smart-car-parking-managiment-system\\Web App\\functions\\node_modules\\firebase-functions\\lib\\v2\\index.js"} {"metadata":{"emulator":{"name":"functions"},"function":{"name":"us-central1-checkOutVehicle"},"extension":{},"message":"[runtime-status] [38600] Resolved module firebase-functions {\"declared\":true,\"installed\":true,\"version\":\"6.6.0\",\"resolution\":\"C:\\\\Users\\\\hp\\\\smart-car-parking-managiment-system\\\\smart-car-parking-managiment-system\\\\Web App\\\\functions\\\\node_modules\\\\firebase-functions\\\\lib\\\\v2\\\\index.js\"}"}}
[debug] [2026-04-07T17:44:58.153Z] [runtime-status] [38600] Resolved module firebase-admin {"declared":true,"installed":true,"version":"13.7.0","resolution":"C:\\Users\\hp\\smart-car-parking-managiment-system\\smart-car-parking-managiment-system\\Web App\\functions\\node_modules\\firebase-admin\\lib\\index.js"} {"metadata":{"emulator":{"name":"functions"},"function":{"name":"us-central1-checkOutVehicle"},"extension":{},"message":"[runtime-status] [38600] Resolved module firebase-admin {\"declared\":true,\"installed\":true,\"version\":\"13.7.0\",\"resolution\":\"C:\\\\Users\\\\hp\\\\smart-car-parking-managiment-system\\\\smart-car-parking-managiment-system\\\\Web App\\\\functions\\\\node_modules\\\\firebase-admin\\\\lib\\\\index.js\"}"}}
[debug] [2026-04-07T17:44:58.162Z] [runtime-status] [38600] Resolved module firebase-functions {"declared":true,"installed":true,"version":"6.6.0","resolution":"C:\\Users\\hp\\smart-car-parking-managiment-system\\smart-car-parking-managiment-system\\Web App\\functions\\node_modules\\firebase-functions\\lib\\v2\\index.js"} {"metadata":{"emulator":{"name":"functions"},"function":{"name":"us-central1-checkOutVehicle"},"extension":{},"message":"[runtime-status] [38600] Resolved module firebase-functions {\"declared\":true,\"installed\":true,\"version\":\"6.6.0\",\"resolution\":\"C:\\\\Users\\\\hp\\\\smart-car-parking-managiment-system\\\\smart-car-parking-managiment-system\\\\Web App\\\\functions\\\\node_modules\\\\firebase-functions\\\\lib\\\\v2\\\\index.js\"}"}}
[debug] [2026-04-07T17:44:58.709Z] [runtime-status] [38600] firebase-admin has been stubbed. {"adminResolution":{"declared":true,"installed":true,"version":"13.7.0","resolution":"C:\\Users\\hp\\smart-car-parking-managiment-system\\smart-car-parking-managiment-system\\Web App\\functions\\node_modules\\firebase-admin\\lib\\index.js"}} {"metadata":{"emulator":{"name":"functions"},"function":{"name":"us-central1-checkOutVehicle"},"extension":{},"message":"[runtime-status] [38600] firebase-admin has been stubbed. {\"adminResolution\":{\"declared\":true,\"installed\":true,\"version\":\"13.7.0\",\"resolution\":\"C:\\\\Users\\\\hp\\\\smart-car-parking-managiment-system\\\\smart-car-parking-managiment-system\\\\Web App\\\\functions\\\\node_modules\\\\firebase-admin\\\\lib\\\\index.js\"}}"}}
[debug] [2026-04-07T17:44:58.716Z] [runtime-status] [38600] initializeApp(DEFAULT) {"storageBucket":"digital-parking-f9d2c.firebasestorage.app","projectId":"digital-parking-f9d2c"} {"metadata":{"emulator":{"name":"functions"},"function":{"name":"us-central1-checkOutVehicle"},"extension":{},"message":"[runtime-status] [38600] initializeApp(DEFAULT) {\"storageBucket\":\"digital-parking-f9d2c.firebasestorage.app\",\"projectId\":\"digital-parking-f9d2c\"}"}}
[debug] [2026-04-07T17:44:58.740Z] [runtime-status] [38600] Functions runtime initialized. {"cwd":"C:\\Users\\hp\\smart-car-parking-managiment-system\\smart-car-parking-managiment-system\\Web App\\functions","node_version":"22.15.0"} {"metadata":{"emulator":{"name":"functions"},"function":{"name":"us-central1-checkOutVehicle"},"extension":{},"message":"[runtime-status] [38600] Functions runtime initialized. {\"cwd\":\"C:\\\\Users\\\\hp\\\\smart-car-parking-managiment-system\\\\smart-car-parking-managiment-system\\\\Web App\\\\functions\",\"node_version\":\"22.15.0\"}"}}
[debug] [2026-04-07T17:44:58.741Z] [runtime-status] [38600] Listening to port: \\?\pipe\fire_emu_3efb6eaea03c3f96 {"metadata":{"emulator":{"name":"functions"},"function":{"name":"us-central1-checkOutVehicle"},"extension":{},"message":"[runtime-status] [38600] Listening to port: \\\\?\\pipe\\fire_emu_3efb6eaea03c3f96"}}
[debug] [2026-04-07T17:44:58.802Z] [worker-us-central1-checkOutVehicle-96535e80-61e6-4626-bb22-5bac11b9dab4]: IDLE {"metadata":{"emulator":{"name":"functions"},"function":{"name":"us-central1-checkOutVehicle"},"extension":{},"message":"[worker-us-central1-checkOutVehicle-96535e80-61e6-4626-bb22-5bac11b9dab4]: IDLE"}}
[debug] [2026-04-07T17:44:58.803Z] [worker-pool] submitRequest(triggerId=us-central1-checkOutVehicle) {"metadata":{"emulator":{"name":"functions"},"message":"[worker-pool] submitRequest(triggerId=us-central1-checkOutVehicle)"}}
[info] i  functions: Beginning execution of "us-central1-checkOutVehicle" {"metadata":{"emulator":{"name":"functions"},"function":{"name":"us-central1-checkOutVehicle"},"extension":{},"message":"Beginning execution of \"us-central1-checkOutVehicle\""}}
[debug] [2026-04-07T17:44:58.803Z] [worker-us-central1-checkOutVehicle-96535e80-61e6-4626-bb22-5bac11b9dab4]: BUSY {"metadata":{"emulator":{"name":"functions"},"function":{"name":"us-central1-checkOutVehicle"},"extension":{},"message":"[worker-us-central1-checkOutVehicle-96535e80-61e6-4626-bb22-5bac11b9dab4]: BUSY"}}
[debug] [2026-04-07T17:44:58.812Z] Finishing up request with event=pause {"metadata":{"emulator":{"name":"functions"},"function":{"name":"us-central1-checkOutVehicle"},"extension":{},"message":"Finishing up request with event=pause"}}
[info] i  functions: Finished "us-central1-checkOutVehicle" in 9.3209ms {"metadata":{"emulator":{"name":"functions"},"function":{"name":"us-central1-checkOutVehicle"},"extension":{},"message":"Finished \"us-central1-checkOutVehicle\" in 9.3209ms"}}
[debug] [2026-04-07T17:44:58.813Z] [worker-us-central1-checkOutVehicle-96535e80-61e6-4626-bb22-5bac11b9dab4]: IDLE {"metadata":{"emulator":{"name":"functions"},"function":{"name":"us-central1-checkOutVehicle"},"extension":{},"message":"[worker-us-central1-checkOutVehicle-96535e80-61e6-4626-bb22-5bac11b9dab4]: IDLE"}}
[debug] [2026-04-07T17:44:58.814Z] Finishing up request with event=finish {"metadata":{"emulator":{"name":"functions"},"function":{"name":"us-central1-checkOutVehicle"},"extension":{},"message":"Finishing up request with event=finish"}}
[debug] [2026-04-07T17:44:58.814Z] Finishing up request with event=close {"metadata":{"emulator":{"name":"functions"},"function":{"name":"us-central1-checkOutVehicle"},"extension":{},"message":"Finishing up request with event=close"}}
[debug] [2026-04-07T17:44:58.814Z] [work-queue] {"queuedWork":[],"queueLength":0,"runningWork":[],"workRunningCount":0}
[debug] [2026-04-07T17:44:58.816Z] [work-queue] {"queuedWork":["/digital-parking-f9d2c/us-central1/checkOutVehicle-2026-04-07T17:44:58.816Z"],"queueLength":1,"runningWork":[],"workRunningCount":0}
[debug] [2026-04-07T17:44:58.816Z] [work-queue] {"queuedWork":[],"queueLength":0,"runningWork":["/digital-parking-f9d2c/us-central1/checkOutVehicle-2026-04-07T17:44:58.816Z"],"workRunningCount":1}
[debug] [2026-04-07T17:44:58.816Z] Accepted request POST /digital-parking-f9d2c/us-central1/checkOutVehicle --> us-central1-checkOutVehicle
[debug] [2026-04-07T17:44:58.817Z] [functions] Runtime ready! Sending request! {"metadata":{"emulator":{"name":"functions"},"message":"[functions] Runtime ready! Sending request!"}}
[debug] [2026-04-07T17:44:58.818Z] [functions] Got req.url=/digital-parking-f9d2c/us-central1/checkOutVehicle, mapping to path=/ {"metadata":{"emulator":{"name":"functions"},"message":"[functions] Got req.url=/digital-parking-f9d2c/us-central1/checkOutVehicle, mapping to path=/"}}
[debug] [2026-04-07T17:44:58.818Z] [worker-pool] submitRequest(triggerId=us-central1-checkOutVehicle) {"metadata":{"emulator":{"name":"functions"},"message":"[worker-pool] submitRequest(triggerId=us-central1-checkOutVehicle)"}}
[info] i  functions: Beginning execution of "us-central1-checkOutVehicle" {"metadata":{"emulator":{"name":"functions"},"function":{"name":"us-central1-checkOutVehicle"},"extension":{},"message":"Beginning execution of \"us-central1-checkOutVehicle\""}}
[debug] [2026-04-07T17:44:58.819Z] [worker-us-central1-checkOutVehicle-96535e80-61e6-4626-bb22-5bac11b9dab4]: BUSY {"metadata":{"emulator":{"name":"functions"},"function":{"name":"us-central1-checkOutVehicle"},"extension":{},"message":"[worker-us-central1-checkOutVehicle-96535e80-61e6-4626-bb22-5bac11b9dab4]: BUSY"}}
[info] >  {"verifications":{"app":"MISSING","auth":"VALID"},"logging.googleapis.com/labels":{"firebase-log-type":"callable-request-verification"},"severity":"DEBUG","message":"Callable request verification passed"} {"user":{"verifications":{"app":"MISSING","auth":"VALID"},"logging.googleapis.com/labels":{"firebase-log-type":"callable-request-verification"},"severity":"DEBUG","message":"Callable request verification passed"},"metadata":{"emulator":{"name":"functions"},"function":{"name":"us-central1-checkOutVehicle"},"extension":{},"message":"\u001b[90m> \u001b[39m {\"verifications\":{\"app\":\"MISSING\",\"auth\":\"VALID\"},\"logging.googleapis.com/labels\":{\"firebase-log-type\":\"callable-request-verification\"},\"severity\":\"DEBUG\",\"message\":\"Callable request verification passed\"}"}}
[warn] !  Google API requested!
   - URL: "https://oauth2.googleapis.com/token"
   - Be careful, this may be a production service. {"metadata":{"emulator":{"name":"functions"},"function":{"name":"us-central1-checkOutVehicle"},"extension":{},"message":"Google API requested!\n   - URL: \"https://oauth2.googleapis.com/token\"\n   - Be careful, this may be a production service."}}
[debug] [2026-04-07T17:45:07.557Z] Finishing up request with event=pause {"metadata":{"emulator":{"name":"functions"},"function":{"name":"us-central1-checkOutVehicle"},"extension":{},"message":"Finishing up request with event=pause"}}
[info] i  functions: Finished "us-central1-checkOutVehicle" in 8740.079600000001ms {"metadata":{"emulator":{"name":"functions"},"function":{"name":"us-central1-checkOutVehicle"},"extension":{},"message":"Finished \"us-central1-checkOutVehicle\" in 8740.079600000001ms"}}
[debug] [2026-04-07T17:45:07.562Z] [worker-us-central1-checkOutVehicle-96535e80-61e6-4626-bb22-5bac11b9dab4]: IDLE {"metadata":{"emulator":{"name":"functions"},"function":{"name":"us-central1-checkOutVehicle"},"extension":{},"message":"[worker-us-central1-checkOutVehicle-96535e80-61e6-4626-bb22-5bac11b9dab4]: IDLE"}}
[debug] [2026-04-07T17:45:07.563Z] Finishing up request with event=finish {"metadata":{"emulator":{"name":"functions"},"function":{"name":"us-central1-checkOutVehicle"},"extension":{},"message":"Finishing up request with event=finish"}}
[debug] [2026-04-07T17:45:07.566Z] Finishing up request with event=close {"metadata":{"emulator":{"name":"functions"},"function":{"name":"us-central1-checkOutVehicle"},"extension":{},"message":"Finishing up request with event=close"}}
[debug] [2026-04-07T17:45:07.567Z] [work-queue] {"queuedWork":[],"queueLength":0,"runningWork":[],"workRunningCount":0}
